#
# There is insufficient memory for the Java Runtime Environment to continue.
# Native memory allocation (malloc) failed to allocate 195216 bytes for Chunk::new
# Possible reasons:
#   The system is out of physical RAM or swap space
#   The process is running with CompressedOops enabled, and the Java Heap may be blocking the growth of the native heap
# Possible solutions:
#   Reduce memory load on the system
#   Increase physical memory or swap space
#   Check if swap backing store is full
#   Decrease Java heap size (-Xmx/-Xms)
#   Decrease number of Java threads
#   Decrease Java thread stack sizes (-Xss)
#   Set larger code cache with -XX:ReservedCodeCacheSize=
#   JVM is running with Unscaled Compressed Oops mode in which the Java heap is
#     placed in the first 4GB address space. The Java Heap base address is the
#     maximum limit for the native heap growth. Please use -XX:HeapBaseMinAddress
#     to set the Java Heap base and to place the Java Heap above 4GB virtual address.
# This output file may be truncated or incomplete.
#
#  Out of Memory Error (./src/hotspot/share/memory/arena.cpp:197), pid=656, tid=8256
#
# JRE version: OpenJDK Runtime Environment (11.0.8+10) (build 11.0.8+10-b944.6842174)
# Java VM: OpenJDK 64-Bit Server VM (11.0.8+10-b944.6842174, mixed mode, tiered, compressed oops, g1 gc, windows-amd64)
# No core dump will be written. Minidumps are not enabled by default on client versions of Windows
#

---------------  S U M M A R Y ------------

Command Line: --add-opens=java.base/java.util=ALL-UNNAMED --add-opens=java.base/java.lang=ALL-UNNAMED --add-opens=java.base/java.lang.invoke=ALL-UNNAMED --add-opens=java.prefs/java.util.prefs=ALL-UNNAMED -Xmx2048m -Dfile.encoding=UTF-8 -Duser.country=US -Duser.language=en -Duser.variant org.gradle.launcher.daemon.bootstrap.GradleDaemon 6.7.1

Host: Intel(R) Core(TM) i7-7700HQ CPU @ 2.80GHz, 8 cores, 11G,  Windows 10 , 64 bit Build 19041 (10.0.19041.1023)
Time: Tue Jun 29 20:04:06 2021 SE Asia Standard Time elapsed time: 23 seconds (0d 0h 0m 23s)

---------------  T H R E A D  ---------------

Current thread (0x0000023204fb9800):  JavaThread "C2 CompilerThread0" daemon [_thread_in_native, id=8256, stack(0x0000005193000000,0x0000005193100000)]


Current CompileTask:
C2:  23046 8915   !   4       org.gradle.internal.event.DefaultListenerManager$EventBroadcast$ListenerDispatch::dispatch (55 bytes)

Stack: [0x0000005193000000,0x0000005193100000]
Native frames: (J=compiled Java code, j=interpreted, Vv=VM code, C=native code)
V  [jvm.dll+0x5de50a]
V  [jvm.dll+0x7122f5]
V  [jvm.dll+0x71384d]
V  [jvm.dll+0x713f03]
V  [jvm.dll+0x23e728]
V  [jvm.dll+0xb899c]
V  [jvm.dll+0xb8e9c]
V  [jvm.dll+0x35024d]
V  [jvm.dll+0x193b27]
V  [jvm.dll+0x1f780e]
V  [jvm.dll+0x1f68d4]
V  [jvm.dll+0x17f32c]
V  [jvm.dll+0x205047]
V  [jvm.dll+0x203891]
V  [jvm.dll+0x6dad3f]
V  [jvm.dll+0x6d3895]
V  [jvm.dll+0x5dd4a6]
C  [ucrtbase.dll+0x21bb2]
C  [KERNEL32.DLL+0x17034]
C  [ntdll.dll+0x52651]


---------------  P R O C E S S  ---------------

Threads class SMR info:
_java_thread_list=0x0000023205f13ca0, length=149, elements={
0x000002326834b800, 0x0000023204fa5800, 0x0000023204fa6800, 0x0000023204fb5000,
0x0000023204fb6000, 0x0000023204fb9800, 0x000002320474c000, 0x000002320474e800,
0x0000023205155800, 0x00000232051be800, 0x0000023205ebc800, 0x00000232060e0800,
0x000002320693a800, 0x0000023206a48800, 0x0000023206a49800, 0x0000023205f38800,
0x0000023206aab800, 0x00000232062ee000, 0x00000232062ef000, 0x0000023206d9e000,
0x00000232067d6800, 0x00000232067d4000, 0x00000232067d3000, 0x00000232067d4800,
0x00000232067d8000, 0x00000232067d7000, 0x00000232067d2800, 0x00000232067d5800,
0x00000232067d9000, 0x0000023207cd4800, 0x0000023207cd6800, 0x0000023207cd7000,
0x0000023207cd4000, 0x0000023207cd8000, 0x0000023207cd3000, 0x0000023207cd2000,
0x0000023207cda800, 0x0000023207cdd800, 0x0000023207cde800, 0x0000023207cd8800,
0x0000023207cdc000, 0x0000023207cdf000, 0x0000023207cd9800, 0x0000023207cdb000,
0x0000023207cdd000, 0x0000023207ce0000, 0x0000023207ce1000, 0x0000023206e69000,
0x0000023206e69800, 0x0000023206e70800, 0x0000023206e6d000, 0x0000023206e6e000,
0x0000023206e6c000, 0x0000023206e6a800, 0x0000023206e6e800, 0x0000023206e6f800,
0x0000023206e71000, 0x0000023206e6b800, 0x0000023206e77800, 0x0000023206e75000,
0x0000023206e76000, 0x0000023206e72000, 0x0000023206e72800, 0x0000023206e73800,
0x0000023206e77000, 0x0000023206e74800, 0x000002320978e800, 0x0000023209790000,
0x000002320978b000, 0x000002320978c800, 0x000002320978c000, 0x000002320978f000,
0x000002320978d800, 0x000002320978a800, 0x0000023209791800, 0x0000023209795800,
0x0000023209793800, 0x0000023209795000, 0x0000023209796800, 0x0000023209792800,
0x0000023209794000, 0x0000023209791000, 0x0000023209797800, 0x0000023209798000,
0x0000023209799000, 0x0000023205f98800, 0x0000023205f9a800, 0x0000023205f9e800,
0x0000023205f9c000, 0x0000023205f9d800, 0x0000023205f9f000, 0x0000023205f99800,
0x0000023205fa1000, 0x0000023205fa0000, 0x0000023205f9b000, 0x0000023205fa1800,
0x0000023205f9c800, 0x0000023205fa7800, 0x0000023205fa5800, 0x0000023205fa2800,
0x0000023205fa5000, 0x0000023205fa3800, 0x0000023205fa6800, 0x0000023205fa4000,
0x0000023209314800, 0x0000023209318800, 0x0000023209316000, 0x0000023209312800,
0x0000023209319800, 0x0000023209315000, 0x0000023209317000, 0x0000023209317800,
0x0000023209313800, 0x000002320931c800, 0x0000023209320000, 0x000002320931a000,
0x0000023209320800, 0x000002320931b000, 0x000002320931d800, 0x000002320931f000,
0x0000023209321800, 0x000002320931b800, 0x000002320931e000, 0x0000023206719000,
0x000002320671e800, 0x000002320671a800, 0x000002320671f800, 0x000002320671a000,
0x000002320671e000, 0x0000023206720800, 0x000002320671d000, 0x0000023206721000,
0x000002320671b800, 0x0000023206722000, 0x000002320671c000, 0x0000023206727800,
0x0000023206725000, 0x0000023206723800, 0x0000023206727000, 0x0000023206724800,
0x0000023206723000, 0x0000023206726000, 0x000002320fee0800, 0x000002320fee1000,
0x000002320fee2000, 0x000002320fee4800, 0x000002320fee8800, 0x000002320fee2800,
0x000002320fee9800
}

Java Threads: ( => current thread )
  0x000002326834b800 JavaThread "main" [_thread_blocked, id=16884, stack(0x0000005192500000,0x0000005192600000)]
  0x0000023204fa5800 JavaThread "Reference Handler" daemon [_thread_blocked, id=18468, stack(0x0000005192c00000,0x0000005192d00000)]
  0x0000023204fa6800 JavaThread "Finalizer" daemon [_thread_blocked, id=8, stack(0x0000005192d00000,0x0000005192e00000)]
  0x0000023204fb5000 JavaThread "Signal Dispatcher" daemon [_thread_blocked, id=17160, stack(0x0000005192e00000,0x0000005192f00000)]
  0x0000023204fb6000 JavaThread "Attach Listener" daemon [_thread_blocked, id=15916, stack(0x0000005192f00000,0x0000005193000000)]
=>0x0000023204fb9800 JavaThread "C2 CompilerThread0" daemon [_thread_in_native, id=8256, stack(0x0000005193000000,0x0000005193100000)]
  0x000002320474c000 JavaThread "C1 CompilerThread0" daemon [_thread_blocked, id=14440, stack(0x0000005193100000,0x0000005193200000)]
  0x000002320474e800 JavaThread "Sweeper thread" daemon [_thread_blocked, id=6188, stack(0x0000005193200000,0x0000005193300000)]
  0x0000023205155800 JavaThread "Common-Cleaner" daemon [_thread_blocked, id=14032, stack(0x0000005193300000,0x0000005193400000)]
  0x00000232051be800 JavaThread "Service Thread" daemon [_thread_blocked, id=11204, stack(0x0000005193400000,0x0000005193500000)]
  0x0000023205ebc800 JavaThread "Daemon health stats" [_thread_blocked, id=15228, stack(0x0000005193b00000,0x0000005193c00000)]
  0x00000232060e0800 JavaThread "Incoming local TCP Connector on port 51348" [_thread_in_native, id=12664, stack(0x0000005193c00000,0x0000005193d00000)]
  0x000002320693a800 JavaThread "Daemon periodic checks" [_thread_blocked, id=16900, stack(0x0000005193d00000,0x0000005193e00000)]
  0x0000023206a48800 JavaThread "Daemon" [_thread_blocked, id=18252, stack(0x0000005193e00000,0x0000005193f00000)]
  0x0000023206a49800 JavaThread "Handler for socket connection from /127.0.0.1:51348 to /127.0.0.1:51349" [_thread_in_native, id=16728, stack(0x0000005193f00000,0x0000005194000000)]
  0x0000023205f38800 JavaThread "Cancel handler" [_thread_blocked, id=14272, stack(0x0000005194000000,0x0000005194100000)]
  0x0000023206aab800 JavaThread "Daemon worker" [_thread_blocked, id=11820, stack(0x0000005194100000,0x0000005194200000)]
  0x00000232062ee000 JavaThread "Asynchronous log dispatcher for DefaultDaemonConnection: socket connection from /127.0.0.1:51348 to /127.0.0.1:51349" [_thread_blocked, id=8736, stack(0x0000005194200000,0x0000005194300000)]
  0x00000232062ef000 JavaThread "Stdin handler" [_thread_blocked, id=17696, stack(0x0000005194300000,0x0000005194400000)]
  0x0000023206d9e000 JavaThread "Thread-8" [_thread_blocked, id=2344, stack(0x0000005194400000,0x0000005194500000)]
  0x00000232067d6800 JavaThread "Cache worker for file hash cache (C:\Users\DuyPhu\.gradle\caches\6.7.1\fileHashes)" [_thread_blocked, id=15484, stack(0x0000005194500000,0x0000005194600000)]
  0x00000232067d4000 JavaThread "File lock request listener" [_thread_in_native, id=6560, stack(0x0000005194600000,0x0000005194700000)]
  0x00000232067d3000 JavaThread "Cache worker for journal cache (C:\Users\DuyPhu\.gradle\caches\journal-1)" [_thread_blocked, id=12256, stack(0x0000005194c00000,0x0000005194d00000)]
  0x00000232067d4800 JavaThread "Cache worker for file hash cache (E:\HK2nam3\Java\DoAn\FoodOrderApp\AppFood\.gradle\6.7.1\fileHashes)" [_thread_blocked, id=18188, stack(0x0000005194e00000,0x0000005194f00000)]
  0x00000232067d8000 JavaThread "Cache worker for checksums cache (E:\HK2nam3\Java\DoAn\FoodOrderApp\AppFood\.gradle\checksums)" [_thread_blocked, id=13224, stack(0x0000005194f00000,0x0000005195000000)]
  0x00000232067d7000 JavaThread "Cache worker for cache directory md-supplier (C:\Users\DuyPhu\.gradle\caches\6.7.1\md-supplier)" [_thread_blocked, id=2700, stack(0x0000005195000000,0x0000005195100000)]
  0x00000232067d2800 JavaThread "Cache worker for cache directory md-rule (C:\Users\DuyPhu\.gradle\caches\6.7.1\md-rule)" [_thread_blocked, id=2820, stack(0x0000005195100000,0x0000005195200000)]
  0x00000232067d5800 JavaThread "Cache worker for execution history cache (C:\Users\DuyPhu\.gradle\caches\6.7.1\executionHistory)" [_thread_blocked, id=5640, stack(0x0000005195300000,0x0000005195400000)]
  0x00000232067d9000 JavaThread "jar transforms" [_thread_blocked, id=11464, stack(0x0000005195200000,0x0000005195300000)]
  0x0000023207cd4800 JavaThread "Cache worker for file content cache (C:\Users\DuyPhu\.gradle\caches\6.7.1\fileContent)" [_thread_blocked, id=4208, stack(0x0000005195400000,0x0000005195500000)]
  0x0000023207cd6800 JavaThread "Cache worker for Build Output Cleanup Cache (E:\HK2nam3\Java\DoAn\FoodOrderApp\AppFood\.gradle\buildOutputCleanup)" [_thread_blocked, id=3344, stack(0x0000005195600000,0x0000005195700000)]
  0x0000023207cd7000 JavaThread "Build operations" [_thread_blocked, id=2252, stack(0x0000005195700000,0x0000005195800000)]
  0x0000023207cd4000 JavaThread "Build operations Thread 2" [_thread_blocked, id=472, stack(0x0000005195800000,0x0000005195900000)]
  0x0000023207cd8000 JavaThread "Build operations Thread 3" [_thread_blocked, id=15084, stack(0x0000005195900000,0x0000005195a00000)]
  0x0000023207cd3000 JavaThread "Build operations Thread 4" [_thread_blocked, id=8668, stack(0x0000005195a00000,0x0000005195b00000)]
  0x0000023207cd2000 JavaThread "Build operations Thread 5" [_thread_blocked, id=13124, stack(0x0000005195b00000,0x0000005195c00000)]
  0x0000023207cda800 JavaThread "Build operations Thread 6" [_thread_blocked, id=7316, stack(0x0000005195c00000,0x0000005195d00000)]
  0x0000023207cdd800 JavaThread "Build operations Thread 7" [_thread_blocked, id=13604, stack(0x0000005195d00000,0x0000005195e00000)]
  0x0000023207cde800 JavaThread "Build operations Thread 8" [_thread_blocked, id=15712, stack(0x0000005195e00000,0x0000005195f00000)]
  0x0000023207cd8800 JavaThread "jar transforms Thread 2" [_thread_blocked, id=9284, stack(0x0000005195f00000,0x0000005196000000)]
  0x0000023207cdc000 JavaThread "jar transforms Thread 3" [_thread_blocked, id=13924, stack(0x0000005196000000,0x0000005196100000)]
  0x0000023207cdf000 JavaThread "jar transforms Thread 4" [_thread_blocked, id=11208, stack(0x0000005196100000,0x0000005196200000)]
  0x0000023207cd9800 JavaThread "jar transforms Thread 5" [_thread_blocked, id=13144, stack(0x0000005196200000,0x0000005196300000)]
  0x0000023207cdb000 JavaThread "jar transforms Thread 6" [_thread_blocked, id=1096, stack(0x0000005196300000,0x0000005196400000)]
  0x0000023207cdd000 JavaThread "jar transforms Thread 7" [_thread_blocked, id=15256, stack(0x0000005196400000,0x0000005196500000)]
  0x0000023207ce0000 JavaThread "jar transforms Thread 8" [_thread_blocked, id=3492, stack(0x0000005196500000,0x0000005196600000)]
  0x0000023207ce1000 JavaThread "jar transforms Thread 9" [_thread_blocked, id=1996, stack(0x0000005196600000,0x0000005196700000)]
  0x0000023206e69000 JavaThread "jar transforms Thread 10" [_thread_blocked, id=9824, stack(0x0000005196700000,0x0000005196800000)]
  0x0000023206e69800 JavaThread "jar transforms Thread 11" [_thread_blocked, id=9676, stack(0x0000005196800000,0x0000005196900000)]
  0x0000023206e70800 JavaThread "jar transforms Thread 12" [_thread_blocked, id=13112, stack(0x0000005196900000,0x0000005196a00000)]
  0x0000023206e6d000 JavaThread "jar transforms Thread 13" [_thread_blocked, id=16008, stack(0x0000005196a00000,0x0000005196b00000)]
  0x0000023206e6e000 JavaThread "jar transforms Thread 14" [_thread_blocked, id=11680, stack(0x0000005196b00000,0x0000005196c00000)]
  0x0000023206e6c000 JavaThread "jar transforms Thread 15" [_thread_blocked, id=1152, stack(0x0000005196c00000,0x0000005196d00000)]
  0x0000023206e6a800 JavaThread "jar transforms Thread 16" [_thread_blocked, id=13452, stack(0x0000005196d00000,0x0000005196e00000)]
  0x0000023206e6e800 JavaThread "jar transforms Thread 17" [_thread_blocked, id=14292, stack(0x0000005196e00000,0x0000005196f00000)]
  0x0000023206e6f800 JavaThread "jar transforms Thread 18" [_thread_blocked, id=14876, stack(0x0000005196f00000,0x0000005197000000)]
  0x0000023206e71000 JavaThread "jar transforms Thread 19" [_thread_blocked, id=14820, stack(0x0000005197000000,0x0000005197100000)]
  0x0000023206e6b800 JavaThread "jar transforms Thread 20" [_thread_blocked, id=17904, stack(0x0000005197100000,0x0000005197200000)]
  0x0000023206e77800 JavaThread "jar transforms Thread 21" [_thread_blocked, id=424, stack(0x0000005197200000,0x0000005197300000)]
  0x0000023206e75000 JavaThread "jar transforms Thread 22" [_thread_blocked, id=8048, stack(0x0000005197300000,0x0000005197400000)]
  0x0000023206e76000 JavaThread "jar transforms Thread 23" [_thread_blocked, id=11296, stack(0x0000005197400000,0x0000005197500000)]
  0x0000023206e72000 JavaThread "jar transforms Thread 24" [_thread_blocked, id=10400, stack(0x0000005197500000,0x0000005197600000)]
  0x0000023206e72800 JavaThread "jar transforms Thread 25" [_thread_blocked, id=1460, stack(0x0000005197600000,0x0000005197700000)]
  0x0000023206e73800 JavaThread "jar transforms Thread 26" [_thread_blocked, id=17584, stack(0x0000005197700000,0x0000005197800000)]
  0x0000023206e77000 JavaThread "jar transforms Thread 27" [_thread_blocked, id=5288, stack(0x0000005197800000,0x0000005197900000)]
  0x0000023206e74800 JavaThread "jar transforms Thread 28" [_thread_blocked, id=7176, stack(0x0000005197900000,0x0000005197a00000)]
  0x000002320978e800 JavaThread "jar transforms Thread 29" [_thread_blocked, id=14736, stack(0x0000005197a00000,0x0000005197b00000)]
  0x0000023209790000 JavaThread "jar transforms Thread 30" [_thread_blocked, id=2516, stack(0x0000005197b00000,0x0000005197c00000)]
  0x000002320978b000 JavaThread "jar transforms Thread 31" [_thread_blocked, id=7664, stack(0x0000005197c00000,0x0000005197d00000)]
  0x000002320978c800 JavaThread "jar transforms Thread 32" [_thread_blocked, id=1408, stack(0x0000005197d00000,0x0000005197e00000)]
  0x000002320978c000 JavaThread "jar transforms Thread 33" [_thread_blocked, id=5636, stack(0x0000005197e00000,0x0000005197f00000)]
  0x000002320978f000 JavaThread "jar transforms Thread 34" [_thread_blocked, id=5580, stack(0x0000005197f00000,0x0000005198000000)]
  0x000002320978d800 JavaThread "jar transforms Thread 35" [_thread_blocked, id=12900, stack(0x0000005198000000,0x0000005198100000)]
  0x000002320978a800 JavaThread "jar transforms Thread 36" [_thread_blocked, id=6844, stack(0x0000005198100000,0x0000005198200000)]
  0x0000023209791800 JavaThread "jar transforms Thread 37" [_thread_blocked, id=8480, stack(0x0000005198200000,0x0000005198300000)]
  0x0000023209795800 JavaThread "jar transforms Thread 38" [_thread_blocked, id=2940, stack(0x0000005198300000,0x0000005198400000)]
  0x0000023209793800 JavaThread "jar transforms Thread 39" [_thread_blocked, id=12624, stack(0x0000005198400000,0x0000005198500000)]
  0x0000023209795000 JavaThread "jar transforms Thread 40" [_thread_blocked, id=3876, stack(0x0000005198500000,0x0000005198600000)]
  0x0000023209796800 JavaThread "jar transforms Thread 41" [_thread_blocked, id=16264, stack(0x0000005198600000,0x0000005198700000)]
  0x0000023209792800 JavaThread "jar transforms Thread 42" [_thread_blocked, id=11908, stack(0x0000005198700000,0x0000005198800000)]
  0x0000023209794000 JavaThread "jar transforms Thread 43" [_thread_blocked, id=11668, stack(0x0000005198800000,0x0000005198900000)]
  0x0000023209791000 JavaThread "jar transforms Thread 44" [_thread_blocked, id=3832, stack(0x0000005198900000,0x0000005198a00000)]
  0x0000023209797800 JavaThread "jar transforms Thread 45" [_thread_blocked, id=18904, stack(0x0000005198a00000,0x0000005198b00000)]
  0x0000023209798000 JavaThread "jar transforms Thread 46" [_thread_blocked, id=12028, stack(0x0000005198b00000,0x0000005198c00000)]
  0x0000023209799000 JavaThread "jar transforms Thread 47" [_thread_blocked, id=4324, stack(0x0000005198c00000,0x0000005198d00000)]
  0x0000023205f98800 JavaThread "jar transforms Thread 48" [_thread_blocked, id=14956, stack(0x0000005198d00000,0x0000005198e00000)]
  0x0000023205f9a800 JavaThread "jar transforms Thread 49" [_thread_blocked, id=18440, stack(0x0000005198e00000,0x0000005198f00000)]
  0x0000023205f9e800 JavaThread "jar transforms Thread 50" [_thread_blocked, id=12720, stack(0x0000005198f00000,0x0000005199000000)]
  0x0000023205f9c000 JavaThread "jar transforms Thread 51" [_thread_blocked, id=11584, stack(0x0000005199000000,0x0000005199100000)]
  0x0000023205f9d800 JavaThread "jar transforms Thread 52" [_thread_blocked, id=7348, stack(0x0000005199100000,0x0000005199200000)]
  0x0000023205f9f000 JavaThread "jar transforms Thread 53" [_thread_blocked, id=7964, stack(0x0000005199200000,0x0000005199300000)]
  0x0000023205f99800 JavaThread "jar transforms Thread 54" [_thread_blocked, id=18032, stack(0x0000005199300000,0x0000005199400000)]
  0x0000023205fa1000 JavaThread "jar transforms Thread 55" [_thread_blocked, id=11224, stack(0x0000005199400000,0x0000005199500000)]
  0x0000023205fa0000 JavaThread "jar transforms Thread 56" [_thread_blocked, id=8580, stack(0x0000005199500000,0x0000005199600000)]
  0x0000023205f9b000 JavaThread "jar transforms Thread 57" [_thread_blocked, id=14420, stack(0x0000005199600000,0x0000005199700000)]
  0x0000023205fa1800 JavaThread "jar transforms Thread 58" [_thread_blocked, id=7796, stack(0x0000005199700000,0x0000005199800000)]
  0x0000023205f9c800 JavaThread "jar transforms Thread 59" [_thread_blocked, id=14768, stack(0x0000005199800000,0x0000005199900000)]
  0x0000023205fa7800 JavaThread "jar transforms Thread 60" [_thread_blocked, id=5292, stack(0x0000005199900000,0x0000005199a00000)]
  0x0000023205fa5800 JavaThread "jar transforms Thread 61" [_thread_blocked, id=4384, stack(0x0000005199a00000,0x0000005199b00000)]
  0x0000023205fa2800 JavaThread "jar transforms Thread 62" [_thread_blocked, id=10608, stack(0x0000005199b00000,0x0000005199c00000)]
  0x0000023205fa5000 JavaThread "jar transforms Thread 63" [_thread_blocked, id=1860, stack(0x0000005199c00000,0x0000005199d00000)]
  0x0000023205fa3800 JavaThread "jar transforms Thread 64" [_thread_blocked, id=2164, stack(0x0000005199d00000,0x0000005199e00000)]
  0x0000023205fa6800 JavaThread "jar transforms Thread 65" [_thread_blocked, id=8464, stack(0x0000005199e00000,0x0000005199f00000)]
  0x0000023205fa4000 JavaThread "jar transforms Thread 66" [_thread_blocked, id=12428, stack(0x0000005199f00000,0x000000519a000000)]
  0x0000023209314800 JavaThread "jar transforms Thread 67" [_thread_blocked, id=15204, stack(0x000000519a000000,0x000000519a100000)]
  0x0000023209318800 JavaThread "jar transforms Thread 68" [_thread_blocked, id=5892, stack(0x000000519a100000,0x000000519a200000)]
  0x0000023209316000 JavaThread "jar transforms Thread 69" [_thread_blocked, id=9516, stack(0x000000519a200000,0x000000519a300000)]
  0x0000023209312800 JavaThread "jar transforms Thread 70" [_thread_blocked, id=14808, stack(0x000000519a300000,0x000000519a400000)]
  0x0000023209319800 JavaThread "jar transforms Thread 71" [_thread_blocked, id=4468, stack(0x000000519a400000,0x000000519a500000)]
  0x0000023209315000 JavaThread "jar transforms Thread 72" [_thread_blocked, id=3588, stack(0x000000519a500000,0x000000519a600000)]
  0x0000023209317000 JavaThread "jar transforms Thread 73" [_thread_blocked, id=8924, stack(0x000000519a600000,0x000000519a700000)]
  0x0000023209317800 JavaThread "jar transforms Thread 74" [_thread_blocked, id=11660, stack(0x000000519a700000,0x000000519a800000)]
  0x0000023209313800 JavaThread "jar transforms Thread 75" [_thread_blocked, id=5924, stack(0x000000519a800000,0x000000519a900000)]
  0x000002320931c800 JavaThread "jar transforms Thread 76" [_thread_blocked, id=6516, stack(0x000000519a900000,0x000000519aa00000)]
  0x0000023209320000 JavaThread "jar transforms Thread 77" [_thread_blocked, id=14000, stack(0x000000519aa00000,0x000000519ab00000)]
  0x000002320931a000 JavaThread "jar transforms Thread 78" [_thread_blocked, id=18492, stack(0x000000519ab00000,0x000000519ac00000)]
  0x0000023209320800 JavaThread "jar transforms Thread 79" [_thread_blocked, id=2876, stack(0x000000519ac00000,0x000000519ad00000)]
  0x000002320931b000 JavaThread "jar transforms Thread 80" [_thread_blocked, id=14468, stack(0x000000519ad00000,0x000000519ae00000)]
  0x000002320931d800 JavaThread "jar transforms Thread 81" [_thread_blocked, id=19004, stack(0x000000519ae00000,0x000000519af00000)]
  0x000002320931f000 JavaThread "jar transforms Thread 82" [_thread_blocked, id=13884, stack(0x000000519af00000,0x000000519b000000)]
  0x0000023209321800 JavaThread "jar transforms Thread 83" [_thread_blocked, id=16780, stack(0x000000519b000000,0x000000519b100000)]
  0x000002320931b800 JavaThread "jar transforms Thread 84" [_thread_blocked, id=17032, stack(0x000000519b100000,0x000000519b200000)]
  0x000002320931e000 JavaThread "jar transforms Thread 85" [_thread_blocked, id=11100, stack(0x000000519b200000,0x000000519b300000)]
  0x0000023206719000 JavaThread "jar transforms Thread 86" [_thread_blocked, id=6280, stack(0x000000519b300000,0x000000519b400000)]
  0x000002320671e800 JavaThread "jar transforms Thread 87" [_thread_blocked, id=14560, stack(0x000000519b400000,0x000000519b500000)]
  0x000002320671a800 JavaThread "jar transforms Thread 88" [_thread_blocked, id=9656, stack(0x000000519b500000,0x000000519b600000)]
  0x000002320671f800 JavaThread "jar transforms Thread 89" [_thread_blocked, id=10664, stack(0x000000519b600000,0x000000519b700000)]
  0x000002320671a000 JavaThread "jar transforms Thread 90" [_thread_blocked, id=10416, stack(0x000000519b700000,0x000000519b800000)]
  0x000002320671e000 JavaThread "jar transforms Thread 91" [_thread_blocked, id=7880, stack(0x000000519b800000,0x000000519b900000)]
  0x0000023206720800 JavaThread "jar transforms Thread 92" [_thread_blocked, id=18676, stack(0x000000519b900000,0x000000519ba00000)]
  0x000002320671d000 JavaThread "jar transforms Thread 93" [_thread_blocked, id=17536, stack(0x000000519ba00000,0x000000519bb00000)]
  0x0000023206721000 JavaThread "jar transforms Thread 94" [_thread_blocked, id=5384, stack(0x000000519bb00000,0x000000519bc00000)]
  0x000002320671b800 JavaThread "jar transforms Thread 95" [_thread_blocked, id=9588, stack(0x000000519bc00000,0x000000519bd00000)]
  0x0000023206722000 JavaThread "jar transforms Thread 96" [_thread_blocked, id=7236, stack(0x000000519bd00000,0x000000519be00000)]
  0x000002320671c000 JavaThread "jar transforms Thread 97" [_thread_blocked, id=16084, stack(0x000000519be00000,0x000000519bf00000)]
  0x0000023206727800 JavaThread "jar transforms Thread 98" [_thread_blocked, id=13284, stack(0x000000519bf00000,0x000000519c000000)]
  0x0000023206725000 JavaThread "jar transforms Thread 99" [_thread_blocked, id=5412, stack(0x000000519c000000,0x000000519c100000)]
  0x0000023206723800 JavaThread "Memory manager" [_thread_blocked, id=11704, stack(0x000000519c500000,0x000000519c600000)]
  0x0000023206727000 JavaThread "build event listener" [_thread_blocked, id=8616, stack(0x000000519c600000,0x000000519c700000)]
  0x0000023206724800 JavaThread "pool-3-thread-1" [_thread_blocked, id=12396, stack(0x000000519c700000,0x000000519c800000)]
  0x0000023206723000 JavaThread "build event listener" [_thread_blocked, id=17012, stack(0x000000519c800000,0x000000519c900000)]
  0x0000023206726000 JavaThread "Execution worker for ':'" [_thread_blocked, id=9760, stack(0x000000519c900000,0x000000519ca00000)]
  0x000002320fee0800 JavaThread "Execution worker for ':' Thread 2" [_thread_blocked, id=14240, stack(0x000000519ca00000,0x000000519cb00000)]
  0x000002320fee1000 JavaThread "Execution worker for ':' Thread 3" [_thread_blocked, id=2400, stack(0x000000519cb00000,0x000000519cc00000)]
  0x000002320fee2000 JavaThread "Execution worker for ':' Thread 4" [_thread_blocked, id=292, stack(0x000000519cc00000,0x000000519cd00000)]
  0x000002320fee4800 JavaThread "Execution worker for ':' Thread 5" [_thread_blocked, id=7324, stack(0x000000519cd00000,0x000000519ce00000)]
  0x000002320fee8800 JavaThread "Execution worker for ':' Thread 6" [_thread_blocked, id=11984, stack(0x000000519ce00000,0x000000519cf00000)]
  0x000002320fee2800 JavaThread "Execution worker for ':' Thread 7" [_thread_blocked, id=9916, stack(0x000000519cf00000,0x000000519d000000)]
  0x000002320fee9800 JavaThread "Cache worker for execution history cache (E:\HK2nam3\Java\DoAn\FoodOrderApp\AppFood\.gradle\6.7.1\executionHistory)" [_thread_in_native, id=18548, stack(0x000000519d000000,0x000000519d100000)]

Other Threads:
  0x0000023204737800 VMThread "VM Thread" [stack: 0x0000005192b00000,0x0000005192c00000] [id=17808]
  0x00000232051c0000 WatcherThread [stack: 0x0000005193500000,0x0000005193600000] [id=16480]
  0x0000023268363000 GCTaskThread "GC Thread#0" [stack: 0x0000005192600000,0x0000005192700000] [id=17800]
  0x0000023205e15800 GCTaskThread "GC Thread#1" [stack: 0x0000005193800000,0x0000005193900000] [id=13780]
  0x0000023205be6800 GCTaskThread "GC Thread#2" [stack: 0x0000005193900000,0x0000005193a00000] [id=3976]
  0x0000023205be7800 GCTaskThread "GC Thread#3" [stack: 0x0000005193a00000,0x0000005193b00000] [id=6656]
  0x00000232072d9000 GCTaskThread "GC Thread#4" [stack: 0x0000005194700000,0x0000005194800000] [id=6672]
  0x0000023206ad9000 GCTaskThread "GC Thread#5" [stack: 0x0000005194800000,0x0000005194900000] [id=11356]
  0x000002320750f000 GCTaskThread "GC Thread#6" [stack: 0x0000005194900000,0x0000005194a00000] [id=8704]
  0x0000023207506800 GCTaskThread "GC Thread#7" [stack: 0x0000005194a00000,0x0000005194b00000] [id=11092]
  0x0000023268393800 ConcurrentGCThread "G1 Main Marker" [stack: 0x0000005192700000,0x0000005192800000] [id=17156]
  0x0000023268397000 ConcurrentGCThread "G1 Conc#0" [stack: 0x0000005192800000,0x0000005192900000] [id=1232]
  0x0000023205c91000 ConcurrentGCThread "G1 Conc#1" [stack: 0x0000005194b00000,0x0000005194c00000] [id=1596]
  0x000002320459e800 ConcurrentGCThread "G1 Refine#0" [stack: 0x0000005192900000,0x0000005192a00000] [id=10088]
  0x000002320bc81000 ConcurrentGCThread "G1 Refine#1" [stack: 0x0000005195500000,0x0000005195600000] [id=4164]
  0x000002320aa65000 ConcurrentGCThread "G1 Refine#2" [stack: 0x000000519c100000,0x000000519c200000] [id=3088]
  0x0000023209451800 ConcurrentGCThread "G1 Refine#3" [stack: 0x000000519c200000,0x000000519c300000] [id=12304]
  0x000002320bf02800 ConcurrentGCThread "G1 Refine#4" [stack: 0x000000519c300000,0x000000519c400000] [id=19188]
  0x000002326842d800 ConcurrentGCThread "G1 Young RemSet Sampling" [stack: 0x0000005192a00000,0x0000005192b00000] [id=10960]

Threads with active compile tasks:
C2 CompilerThread0  23103 8915   !   4       org.gradle.internal.event.DefaultListenerManager$EventBroadcast$ListenerDispatch::dispatch (55 bytes)

VM state:not at safepoint (normal execution)

VM Mutex/Monitor currently owned by a thread: None

Heap address: 0x0000000080000000, size: 2048 MB, Compressed Oops mode: 32-bit
Narrow klass base: 0x0000000000000000, Narrow klass shift: 3
Compressed class space size: 1073741824 Address: 0x0000000100000000

Heap:
 garbage-first heap   total 194560K, used 105549K [0x0000000080000000, 0x0000000100000000)
  region size 1024K, 45 young (46080K), 6 survivors (6144K)
 Metaspace       used 77263K, capacity 79231K, committed 79488K, reserved 1118208K
  class space    used 10035K, capacity 10762K, committed 10880K, reserved 1048576K
Heap Regions: E=young(eden), S=young(survivor), O=old, HS=humongous(starts), HC=humongous(continues), CS=collection set, F=free, A=archive, TAMS=top-at-mark-start (previous, next)
|   0|0x0000000080000000, 0x0000000080100000, 0x0000000080100000|100%| O|  |TAMS 0x0000000080100000, 0x0000000080000000| Untracked 
|   1|0x0000000080100000, 0x0000000080200000, 0x0000000080200000|100%| O|  |TAMS 0x0000000080200000, 0x0000000080100000| Untracked 
|   2|0x0000000080200000, 0x0000000080300000, 0x0000000080300000|100%| O|  |TAMS 0x0000000080300000, 0x0000000080200000| Untracked 
|   3|0x0000000080300000, 0x0000000080400000, 0x0000000080400000|100%|HS|  |TAMS 0x0000000080400000, 0x0000000080300000| Complete 
|   4|0x0000000080400000, 0x0000000080500000, 0x0000000080500000|100%|HC|  |TAMS 0x0000000080500000, 0x0000000080400000| Complete 
|   5|0x0000000080500000, 0x0000000080600000, 0x0000000080600000|100%|HC|  |TAMS 0x0000000080600000, 0x0000000080500000| Complete 
|   6|0x0000000080600000, 0x0000000080700000, 0x0000000080700000|100%| O|  |TAMS 0x0000000080700000, 0x0000000080600000| Untracked 
|   7|0x0000000080700000, 0x0000000080800000, 0x0000000080800000|100%| O|  |TAMS 0x0000000080800000, 0x0000000080700000| Untracked 
|   8|0x0000000080800000, 0x0000000080900000, 0x0000000080900000|100%| O|  |TAMS 0x0000000080900000, 0x0000000080800000| Untracked 
|   9|0x0000000080900000, 0x0000000080a00000, 0x0000000080a00000|100%| O|  |TAMS 0x0000000080a00000, 0x0000000080900000| Untracked 
|  10|0x0000000080a00000, 0x0000000080b00000, 0x0000000080b00000|100%| O|  |TAMS 0x0000000080b00000, 0x0000000080a00000| Untracked 
|  11|0x0000000080b00000, 0x0000000080c00000, 0x0000000080c00000|100%| O|  |TAMS 0x0000000080c00000, 0x0000000080b00000| Untracked 
|  12|0x0000000080c00000, 0x0000000080d00000, 0x0000000080d00000|100%| O|  |TAMS 0x0000000080d00000, 0x0000000080c00000| Untracked 
|  13|0x0000000080d00000, 0x0000000080e00000, 0x0000000080e00000|100%| O|  |TAMS 0x0000000080e00000, 0x0000000080d00000| Untracked 
|  14|0x0000000080e00000, 0x0000000080f00000, 0x0000000080f00000|100%| O|  |TAMS 0x0000000080f00000, 0x0000000080e00000| Untracked 
|  15|0x0000000080f00000, 0x0000000081000000, 0x0000000081000000|100%| O|  |TAMS 0x0000000081000000, 0x0000000080f00000| Untracked 
|  16|0x0000000081000000, 0x0000000081100000, 0x0000000081100000|100%|HS|  |TAMS 0x0000000081100000, 0x0000000081000000| Complete 
|  17|0x0000000081100000, 0x0000000081200000, 0x0000000081200000|100%|HS|  |TAMS 0x0000000081200000, 0x0000000081100000| Complete 
|  18|0x0000000081200000, 0x0000000081300000, 0x0000000081300000|100%|HC|  |TAMS 0x0000000081300000, 0x0000000081200000| Complete 
|  19|0x0000000081300000, 0x0000000081400000, 0x0000000081400000|100%| O|  |TAMS 0x0000000081400000, 0x0000000081300000| Untracked 
|  20|0x0000000081400000, 0x0000000081500000, 0x0000000081500000|100%| O|  |TAMS 0x0000000081500000, 0x0000000081400000| Untracked 
|  21|0x0000000081500000, 0x0000000081600000, 0x0000000081600000|100%| O|  |TAMS 0x0000000081600000, 0x0000000081500000| Untracked 
|  22|0x0000000081600000, 0x0000000081700000, 0x0000000081700000|100%| O|  |TAMS 0x0000000081700000, 0x0000000081600000| Untracked 
|  23|0x0000000081700000, 0x0000000081800000, 0x0000000081800000|100%| O|  |TAMS 0x0000000081800000, 0x0000000081700000| Untracked 
|  24|0x0000000081800000, 0x0000000081900000, 0x0000000081900000|100%| O|  |TAMS 0x0000000081800000, 0x0000000081800000| Untracked 
|  25|0x0000000081900000, 0x0000000081a00000, 0x0000000081a00000|100%| O|  |TAMS 0x0000000081a00000, 0x0000000081900000| Untracked 
|  26|0x0000000081a00000, 0x0000000081b00000, 0x0000000081b00000|100%| O|  |TAMS 0x0000000081b00000, 0x0000000081a00000| Untracked 
|  27|0x0000000081b00000, 0x0000000081c00000, 0x0000000081c00000|100%| O|  |TAMS 0x0000000081c00000, 0x0000000081b00000| Untracked 
|  28|0x0000000081c00000, 0x0000000081d00000, 0x0000000081d00000|100%| O|  |TAMS 0x0000000081d00000, 0x0000000081c00000| Untracked 
|  29|0x0000000081d00000, 0x0000000081e00000, 0x0000000081e00000|100%| O|  |TAMS 0x0000000081e00000, 0x0000000081d00000| Untracked 
|  30|0x0000000081e00000, 0x0000000081f00000, 0x0000000081f00000|100%| O|  |TAMS 0x0000000081f00000, 0x0000000081e00000| Untracked 
|  31|0x0000000081f00000, 0x0000000082000000, 0x0000000082000000|100%| O|  |TAMS 0x0000000082000000, 0x0000000081f00000| Untracked 
|  32|0x0000000082000000, 0x0000000082100000, 0x0000000082100000|100%| O|  |TAMS 0x0000000082100000, 0x0000000082000000| Untracked 
|  33|0x0000000082100000, 0x0000000082200000, 0x0000000082200000|100%| O|  |TAMS 0x0000000082200000, 0x0000000082100000| Untracked 
|  34|0x0000000082200000, 0x0000000082300000, 0x0000000082300000|100%| O|  |TAMS 0x0000000082300000, 0x0000000082200000| Untracked 
|  35|0x0000000082300000, 0x0000000082400000, 0x0000000082400000|100%| O|  |TAMS 0x0000000082400000, 0x0000000082300000| Untracked 
|  36|0x0000000082400000, 0x0000000082500000, 0x0000000082500000|100%| O|  |TAMS 0x0000000082500000, 0x0000000082400000| Untracked 
|  37|0x0000000082500000, 0x0000000082600000, 0x0000000082600000|100%| O|  |TAMS 0x0000000082600000, 0x0000000082500000| Untracked 
|  38|0x0000000082600000, 0x0000000082700000, 0x0000000082700000|100%| O|  |TAMS 0x00000000826d1800, 0x0000000082600000| Untracked 
|  39|0x0000000082700000, 0x0000000082800000, 0x0000000082800000|100%| O|  |TAMS 0x0000000082700000, 0x0000000082700000| Untracked 
|  40|0x0000000082800000, 0x0000000082900000, 0x0000000082900000|100%| O|  |TAMS 0x0000000082800000, 0x0000000082800000| Untracked 
|  41|0x0000000082900000, 0x0000000082a00000, 0x0000000082a00000|100%| O|  |TAMS 0x0000000082900000, 0x0000000082900000| Untracked 
|  42|0x0000000082a00000, 0x0000000082b00000, 0x0000000082b00000|100%| O|  |TAMS 0x0000000082a00000, 0x0000000082a00000| Untracked 
|  43|0x0000000082b00000, 0x0000000082c00000, 0x0000000082c00000|100%| O|  |TAMS 0x0000000082b00000, 0x0000000082b00000| Untracked 
|  44|0x0000000082c00000, 0x0000000082d00000, 0x0000000082d00000|100%| O|  |TAMS 0x0000000082c00000, 0x0000000082c00000| Untracked 
|  45|0x0000000082d00000, 0x0000000082e00000, 0x0000000082e00000|100%| O|  |TAMS 0x0000000082d00000, 0x0000000082d00000| Untracked 
|  46|0x0000000082e00000, 0x0000000082f00000, 0x0000000082f00000|100%| O|  |TAMS 0x0000000082e00000, 0x0000000082e00000| Untracked 
|  47|0x0000000082f00000, 0x0000000083000000, 0x0000000083000000|100%| O|  |TAMS 0x0000000082f00000, 0x0000000082f00000| Untracked 
|  48|0x0000000083000000, 0x0000000083100000, 0x0000000083100000|100%| O|  |TAMS 0x0000000083000000, 0x0000000083000000| Untracked 
|  49|0x0000000083100000, 0x0000000083200000, 0x0000000083200000|100%| O|  |TAMS 0x0000000083100000, 0x0000000083100000| Untracked 
|  50|0x0000000083200000, 0x0000000083300000, 0x0000000083300000|100%| O|  |TAMS 0x0000000083200000, 0x0000000083200000| Untracked 
|  51|0x0000000083300000, 0x0000000083400000, 0x0000000083400000|100%| O|  |TAMS 0x0000000083300000, 0x0000000083300000| Untracked 
|  52|0x0000000083400000, 0x0000000083500000, 0x0000000083500000|100%| O|  |TAMS 0x0000000083400000, 0x0000000083400000| Untracked 
|  53|0x0000000083500000, 0x0000000083600000, 0x0000000083600000|100%| O|  |TAMS 0x0000000083500000, 0x0000000083500000| Untracked 
|  54|0x0000000083600000, 0x0000000083700000, 0x0000000083700000|100%| O|  |TAMS 0x0000000083600000, 0x0000000083600000| Untracked 
|  55|0x0000000083700000, 0x0000000083800000, 0x0000000083800000|100%| O|  |TAMS 0x0000000083700000, 0x0000000083700000| Untracked 
|  56|0x0000000083800000, 0x0000000083900000, 0x0000000083900000|100%| O|  |TAMS 0x0000000083800000, 0x0000000083800000| Untracked 
|  57|0x0000000083900000, 0x0000000083a00000, 0x0000000083a00000|100%| O|  |TAMS 0x0000000083900000, 0x0000000083900000| Untracked 
|  58|0x0000000083a00000, 0x0000000083b00000, 0x0000000083b00000|100%| O|  |TAMS 0x0000000083a00000, 0x0000000083a00000| Untracked 
|  59|0x0000000083b00000, 0x0000000083b41400, 0x0000000083c00000| 25%| O|  |TAMS 0x0000000083b00000, 0x0000000083b00000| Untracked 
|  60|0x0000000083c00000, 0x0000000083c00000, 0x0000000083d00000|  0%| F|  |TAMS 0x0000000083c00000, 0x0000000083c00000| Untracked 
|  61|0x0000000083d00000, 0x0000000083d00000, 0x0000000083e00000|  0%| F|  |TAMS 0x0000000083d00000, 0x0000000083d00000| Untracked 
|  62|0x0000000083e00000, 0x0000000083e00000, 0x0000000083f00000|  0%| F|  |TAMS 0x0000000083e00000, 0x0000000083e00000| Untracked 
|  63|0x0000000083f00000, 0x0000000083f00000, 0x0000000084000000|  0%| F|  |TAMS 0x0000000083f00000, 0x0000000083f00000| Untracked 
|  64|0x0000000084000000, 0x0000000084000000, 0x0000000084100000|  0%| F|  |TAMS 0x0000000084000000, 0x0000000084000000| Untracked 
|  65|0x0000000084100000, 0x0000000084100000, 0x0000000084200000|  0%| F|  |TAMS 0x0000000084100000, 0x0000000084100000| Untracked 
|  66|0x0000000084200000, 0x0000000084200000, 0x0000000084300000|  0%| F|  |TAMS 0x0000000084200000, 0x0000000084200000| Untracked 
|  67|0x0000000084300000, 0x0000000084300000, 0x0000000084400000|  0%| F|  |TAMS 0x0000000084300000, 0x0000000084300000| Untracked 
|  68|0x0000000084400000, 0x0000000084400000, 0x0000000084500000|  0%| F|  |TAMS 0x0000000084400000, 0x0000000084400000| Untracked 
|  69|0x0000000084500000, 0x0000000084500000, 0x0000000084600000|  0%| F|  |TAMS 0x0000000084500000, 0x0000000084500000| Untracked 
|  70|0x0000000084600000, 0x0000000084600000, 0x0000000084700000|  0%| F|  |TAMS 0x0000000084600000, 0x0000000084600000| Untracked 
|  71|0x0000000084700000, 0x0000000084700000, 0x0000000084800000|  0%| F|  |TAMS 0x0000000084700000, 0x0000000084700000| Untracked 
|  72|0x0000000084800000, 0x0000000084800000, 0x0000000084900000|  0%| F|  |TAMS 0x0000000084800000, 0x0000000084800000| Untracked 
|  73|0x0000000084900000, 0x0000000084900000, 0x0000000084a00000|  0%| F|  |TAMS 0x0000000084900000, 0x0000000084900000| Untracked 
|  74|0x0000000084a00000, 0x0000000084a00000, 0x0000000084b00000|  0%| F|  |TAMS 0x0000000084a00000, 0x0000000084a00000| Untracked 
|  75|0x0000000084b00000, 0x0000000084b00000, 0x0000000084c00000|  0%| F|  |TAMS 0x0000000084b00000, 0x0000000084b00000| Untracked 
|  76|0x0000000084c00000, 0x0000000084c00000, 0x0000000084d00000|  0%| F|  |TAMS 0x0000000084c00000, 0x0000000084c00000| Untracked 
|  77|0x0000000084d00000, 0x0000000084d00000, 0x0000000084e00000|  0%| F|  |TAMS 0x0000000084d00000, 0x0000000084d00000| Untracked 
|  78|0x0000000084e00000, 0x0000000084e00000, 0x0000000084f00000|  0%| F|  |TAMS 0x0000000084e00000, 0x0000000084e00000| Untracked 
|  79|0x0000000084f00000, 0x0000000084f00000, 0x0000000085000000|  0%| F|  |TAMS 0x0000000084f00000, 0x0000000084f00000| Untracked 
|  80|0x0000000085000000, 0x0000000085000000, 0x0000000085100000|  0%| F|  |TAMS 0x0000000085000000, 0x0000000085000000| Untracked 
|  81|0x0000000085100000, 0x0000000085100000, 0x0000000085200000|  0%| F|  |TAMS 0x0000000085100000, 0x0000000085100000| Untracked 
|  82|0x0000000085200000, 0x0000000085200000, 0x0000000085300000|  0%| F|  |TAMS 0x0000000085200000, 0x0000000085200000| Untracked 
|  83|0x0000000085300000, 0x0000000085300000, 0x0000000085400000|  0%| F|  |TAMS 0x0000000085300000, 0x0000000085300000| Untracked 
|  84|0x0000000085400000, 0x0000000085400000, 0x0000000085500000|  0%| F|  |TAMS 0x0000000085400000, 0x0000000085400000| Untracked 
|  85|0x0000000085500000, 0x0000000085500000, 0x0000000085600000|  0%| F|  |TAMS 0x0000000085500000, 0x0000000085500000| Untracked 
|  86|0x0000000085600000, 0x0000000085600000, 0x0000000085700000|  0%| F|  |TAMS 0x0000000085600000, 0x0000000085600000| Untracked 
|  87|0x0000000085700000, 0x0000000085700000, 0x0000000085800000|  0%| F|  |TAMS 0x0000000085700000, 0x0000000085700000| Untracked 
|  88|0x0000000085800000, 0x0000000085800000, 0x0000000085900000|  0%| F|  |TAMS 0x0000000085800000, 0x0000000085800000| Untracked 
|  89|0x0000000085900000, 0x0000000085900000, 0x0000000085a00000|  0%| F|  |TAMS 0x0000000085900000, 0x0000000085900000| Untracked 
|  90|0x0000000085a00000, 0x0000000085a00000, 0x0000000085b00000|  0%| F|  |TAMS 0x0000000085a00000, 0x0000000085a00000| Untracked 
|  91|0x0000000085b00000, 0x0000000085b00000, 0x0000000085c00000|  0%| F|  |TAMS 0x0000000085b00000, 0x0000000085b00000| Untracked 
|  92|0x0000000085c00000, 0x0000000085c00000, 0x0000000085d00000|  0%| F|  |TAMS 0x0000000085c00000, 0x0000000085c00000| Untracked 
|  93|0x0000000085d00000, 0x0000000085d00000, 0x0000000085e00000|  0%| F|  |TAMS 0x0000000085d00000, 0x0000000085d00000| Untracked 
|  94|0x0000000085e00000, 0x0000000085e00000, 0x0000000085f00000|  0%| F|  |TAMS 0x0000000085e00000, 0x0000000085e00000| Untracked 
|  95|0x0000000085f00000, 0x0000000085fd20d8, 0x0000000086000000| 82%| S|CS|TAMS 0x0000000085f00000, 0x0000000085f00000| Complete 
|  96|0x0000000086000000, 0x0000000086000000, 0x0000000086100000|  0%| F|  |TAMS 0x0000000086000000, 0x0000000086000000| Untracked 
|  97|0x0000000086100000, 0x0000000086100000, 0x0000000086200000|  0%| F|  |TAMS 0x0000000086100000, 0x0000000086100000| Untracked 
|  98|0x0000000086200000, 0x0000000086200000, 0x0000000086300000|  0%| F|  |TAMS 0x0000000086200000, 0x0000000086200000| Untracked 
|  99|0x0000000086300000, 0x0000000086300000, 0x0000000086400000|  0%| F|  |TAMS 0x0000000086300000, 0x0000000086300000| Untracked 
| 100|0x0000000086400000, 0x0000000086400000, 0x0000000086500000|  0%| F|  |TAMS 0x0000000086400000, 0x0000000086400000| Untracked 
| 101|0x0000000086500000, 0x0000000086500000, 0x0000000086600000|  0%| F|  |TAMS 0x0000000086500000, 0x0000000086500000| Untracked 
| 102|0x0000000086600000, 0x0000000086600000, 0x0000000086700000|  0%| F|  |TAMS 0x0000000086600000, 0x0000000086600000| Untracked 
| 103|0x0000000086700000, 0x0000000086700000, 0x0000000086800000|  0%| F|  |TAMS 0x0000000086700000, 0x0000000086700000| Untracked 
| 104|0x0000000086800000, 0x0000000086800000, 0x0000000086900000|  0%| F|  |TAMS 0x0000000086800000, 0x0000000086800000| Untracked 
| 105|0x0000000086900000, 0x0000000086900000, 0x0000000086a00000|  0%| F|  |TAMS 0x0000000086900000, 0x0000000086900000| Untracked 
| 106|0x0000000086a00000, 0x0000000086b00000, 0x0000000086b00000|100%| S|CS|TAMS 0x0000000086a00000, 0x0000000086a00000| Complete 
| 107|0x0000000086b00000, 0x0000000086c00000, 0x0000000086c00000|100%| S|CS|TAMS 0x0000000086b00000, 0x0000000086b00000| Complete 
| 108|0x0000000086c00000, 0x0000000086d00000, 0x0000000086d00000|100%| S|CS|TAMS 0x0000000086c00000, 0x0000000086c00000| Complete 
| 109|0x0000000086d00000, 0x0000000086e00000, 0x0000000086e00000|100%| S|CS|TAMS 0x0000000086d00000, 0x0000000086d00000| Complete 
| 110|0x0000000086e00000, 0x0000000086f00000, 0x0000000086f00000|100%| S|CS|TAMS 0x0000000086e00000, 0x0000000086e00000| Complete 
| 111|0x0000000086f00000, 0x0000000086f00000, 0x0000000087000000|  0%| F|  |TAMS 0x0000000086f00000, 0x0000000086f00000| Untracked 
| 112|0x0000000087000000, 0x0000000087000000, 0x0000000087100000|  0%| F|  |TAMS 0x0000000087000000, 0x0000000087000000| Untracked 
| 113|0x0000000087100000, 0x0000000087100000, 0x0000000087200000|  0%| F|  |TAMS 0x0000000087100000, 0x0000000087100000| Untracked 
| 114|0x0000000087200000, 0x0000000087200000, 0x0000000087300000|  0%| F|  |TAMS 0x0000000087200000, 0x0000000087200000| Untracked 
| 115|0x0000000087300000, 0x0000000087300000, 0x0000000087400000|  0%| F|  |TAMS 0x0000000087300000, 0x0000000087300000| Untracked 
| 116|0x0000000087400000, 0x0000000087400000, 0x0000000087500000|  0%| F|  |TAMS 0x0000000087400000, 0x0000000087400000| Untracked 
| 117|0x0000000087500000, 0x0000000087500000, 0x0000000087600000|  0%| F|  |TAMS 0x0000000087500000, 0x0000000087500000| Untracked 
| 118|0x0000000087600000, 0x0000000087600000, 0x0000000087700000|  0%| F|  |TAMS 0x0000000087600000, 0x0000000087600000| Untracked 
| 119|0x0000000087700000, 0x0000000087700000, 0x0000000087800000|  0%| F|  |TAMS 0x0000000087700000, 0x0000000087700000| Untracked 
| 120|0x0000000087800000, 0x0000000087800000, 0x0000000087900000|  0%| F|  |TAMS 0x0000000087800000, 0x0000000087800000| Untracked 
| 121|0x0000000087900000, 0x0000000087900000, 0x0000000087a00000|  0%| F|  |TAMS 0x0000000087900000, 0x0000000087900000| Untracked 
| 122|0x0000000087a00000, 0x0000000087a00000, 0x0000000087b00000|  0%| F|  |TAMS 0x0000000087a00000, 0x0000000087a00000| Untracked 
| 123|0x0000000087b00000, 0x0000000087b00000, 0x0000000087c00000|  0%| F|  |TAMS 0x0000000087b00000, 0x0000000087b00000| Untracked 
| 124|0x0000000087c00000, 0x0000000087c00000, 0x0000000087d00000|  0%| F|  |TAMS 0x0000000087c00000, 0x0000000087c00000| Untracked 
| 125|0x0000000087d00000, 0x0000000087d00000, 0x0000000087e00000|  0%| F|  |TAMS 0x0000000087d00000, 0x0000000087d00000| Untracked 
| 126|0x0000000087e00000, 0x0000000087e00000, 0x0000000087f00000|  0%| F|  |TAMS 0x0000000087e00000, 0x0000000087e00000| Untracked 
| 127|0x0000000087f00000, 0x0000000087f00000, 0x0000000088000000|  0%| F|  |TAMS 0x0000000087f00000, 0x0000000087f00000| Untracked 
| 128|0x0000000088000000, 0x0000000088000000, 0x0000000088100000|  0%| F|  |TAMS 0x0000000088000000, 0x0000000088000000| Untracked 
| 129|0x0000000088100000, 0x0000000088100000, 0x0000000088200000|  0%| F|  |TAMS 0x0000000088100000, 0x0000000088100000| Untracked 
| 130|0x0000000088200000, 0x0000000088200000, 0x0000000088300000|  0%| F|  |TAMS 0x0000000088200000, 0x0000000088200000| Untracked 
| 131|0x0000000088300000, 0x0000000088300000, 0x0000000088400000|  0%| F|  |TAMS 0x0000000088300000, 0x0000000088300000| Untracked 
| 132|0x0000000088400000, 0x0000000088400000, 0x0000000088500000|  0%| F|  |TAMS 0x0000000088400000, 0x0000000088400000| Untracked 
| 133|0x0000000088500000, 0x0000000088500000, 0x0000000088600000|  0%| F|  |TAMS 0x0000000088500000, 0x0000000088500000| Untracked 
| 134|0x0000000088600000, 0x0000000088600000, 0x0000000088700000|  0%| F|  |TAMS 0x0000000088600000, 0x0000000088600000| Untracked 
| 135|0x0000000088700000, 0x0000000088700000, 0x0000000088800000|  0%| F|  |TAMS 0x0000000088700000, 0x0000000088700000| Untracked 
| 136|0x0000000088800000, 0x0000000088800000, 0x0000000088900000|  0%| F|  |TAMS 0x0000000088800000, 0x0000000088800000| Untracked 
| 137|0x0000000088900000, 0x0000000088900000, 0x0000000088a00000|  0%| F|  |TAMS 0x0000000088900000, 0x0000000088900000| Untracked 
| 138|0x0000000088a00000, 0x0000000088a00000, 0x0000000088b00000|  0%| F|  |TAMS 0x0000000088a00000, 0x0000000088a00000| Untracked 
| 139|0x0000000088b00000, 0x0000000088b00000, 0x0000000088c00000|  0%| F|  |TAMS 0x0000000088b00000, 0x0000000088b00000| Untracked 
| 140|0x0000000088c00000, 0x0000000088c00000, 0x0000000088d00000|  0%| F|  |TAMS 0x0000000088c00000, 0x0000000088c00000| Untracked 
| 141|0x0000000088d00000, 0x0000000088d00000, 0x0000000088e00000|  0%| F|  |TAMS 0x0000000088d00000, 0x0000000088d00000| Untracked 
| 142|0x0000000088e00000, 0x0000000088e00000, 0x0000000088f00000|  0%| F|  |TAMS 0x0000000088e00000, 0x0000000088e00000| Untracked 
| 143|0x0000000088f00000, 0x0000000088f00000, 0x0000000089000000|  0%| F|  |TAMS 0x0000000088f00000, 0x0000000088f00000| Untracked 
| 144|0x0000000089000000, 0x0000000089000000, 0x0000000089100000|  0%| F|  |TAMS 0x0000000089000000, 0x0000000089000000| Untracked 
| 145|0x0000000089100000, 0x0000000089100000, 0x0000000089200000|  0%| F|  |TAMS 0x0000000089100000, 0x0000000089100000| Untracked 
| 146|0x0000000089200000, 0x0000000089200000, 0x0000000089300000|  0%| F|  |TAMS 0x0000000089200000, 0x0000000089200000| Untracked 
| 147|0x0000000089300000, 0x0000000089300000, 0x0000000089400000|  0%| F|  |TAMS 0x0000000089300000, 0x0000000089300000| Untracked 
| 148|0x0000000089400000, 0x0000000089400000, 0x0000000089500000|  0%| F|  |TAMS 0x0000000089400000, 0x0000000089400000| Untracked 
| 149|0x0000000089500000, 0x0000000089500000, 0x0000000089600000|  0%| F|  |TAMS 0x0000000089500000, 0x0000000089500000| Untracked 
| 150|0x0000000089600000, 0x0000000089600000, 0x0000000089700000|  0%| F|  |TAMS 0x0000000089600000, 0x0000000089600000| Untracked 
| 151|0x0000000089700000, 0x0000000089739580, 0x0000000089800000| 22%| E|  |TAMS 0x0000000089700000, 0x0000000089700000| Complete 
| 152|0x0000000089800000, 0x0000000089900000, 0x0000000089900000|100%| E|CS|TAMS 0x0000000089800000, 0x0000000089800000| Complete 
| 153|0x0000000089900000, 0x0000000089a00000, 0x0000000089a00000|100%| E|CS|TAMS 0x0000000089900000, 0x0000000089900000| Complete 
| 154|0x0000000089a00000, 0x0000000089b00000, 0x0000000089b00000|100%| E|CS|TAMS 0x0000000089a00000, 0x0000000089a00000| Complete 
| 155|0x0000000089b00000, 0x0000000089c00000, 0x0000000089c00000|100%| E|CS|TAMS 0x0000000089b00000, 0x0000000089b00000| Complete 
| 156|0x0000000089c00000, 0x0000000089d00000, 0x0000000089d00000|100%| E|CS|TAMS 0x0000000089c00000, 0x0000000089c00000| Complete 
| 157|0x0000000089d00000, 0x0000000089e00000, 0x0000000089e00000|100%| E|CS|TAMS 0x0000000089d00000, 0x0000000089d00000| Complete 
| 158|0x0000000089e00000, 0x0000000089f00000, 0x0000000089f00000|100%| E|CS|TAMS 0x0000000089e00000, 0x0000000089e00000| Complete 
| 159|0x0000000089f00000, 0x000000008a000000, 0x000000008a000000|100%| E|CS|TAMS 0x0000000089f00000, 0x0000000089f00000| Complete 
| 160|0x000000008a000000, 0x000000008a100000, 0x000000008a100000|100%| E|CS|TAMS 0x000000008a000000, 0x000000008a000000| Complete 
| 161|0x000000008a100000, 0x000000008a200000, 0x000000008a200000|100%| E|CS|TAMS 0x000000008a100000, 0x000000008a100000| Complete 
| 162|0x000000008a200000, 0x000000008a300000, 0x000000008a300000|100%| E|CS|TAMS 0x000000008a200000, 0x000000008a200000| Complete 
| 163|0x000000008a300000, 0x000000008a400000, 0x000000008a400000|100%| E|CS|TAMS 0x000000008a300000, 0x000000008a300000| Complete 
| 164|0x000000008a400000, 0x000000008a500000, 0x000000008a500000|100%| E|CS|TAMS 0x000000008a400000, 0x000000008a400000| Complete 
| 165|0x000000008a500000, 0x000000008a600000, 0x000000008a600000|100%| E|CS|TAMS 0x000000008a500000, 0x000000008a500000| Complete 
| 166|0x000000008a600000, 0x000000008a700000, 0x000000008a700000|100%| E|CS|TAMS 0x000000008a600000, 0x000000008a600000| Complete 
| 167|0x000000008a700000, 0x000000008a800000, 0x000000008a800000|100%| E|CS|TAMS 0x000000008a700000, 0x000000008a700000| Complete 
| 168|0x000000008a800000, 0x000000008a900000, 0x000000008a900000|100%| E|CS|TAMS 0x000000008a800000, 0x000000008a800000| Complete 
| 169|0x000000008a900000, 0x000000008aa00000, 0x000000008aa00000|100%| E|CS|TAMS 0x000000008a900000, 0x000000008a900000| Complete 
| 170|0x000000008aa00000, 0x000000008ab00000, 0x000000008ab00000|100%| E|CS|TAMS 0x000000008aa00000, 0x000000008aa00000| Complete 
| 171|0x000000008ab00000, 0x000000008ac00000, 0x000000008ac00000|100%| E|CS|TAMS 0x000000008ab00000, 0x000000008ab00000| Complete 
| 172|0x000000008ac00000, 0x000000008ad00000, 0x000000008ad00000|100%| E|CS|TAMS 0x000000008ac00000, 0x000000008ac00000| Complete 
| 173|0x000000008ad00000, 0x000000008ae00000, 0x000000008ae00000|100%| E|CS|TAMS 0x000000008ad00000, 0x000000008ad00000| Complete 
| 174|0x000000008ae00000, 0x000000008af00000, 0x000000008af00000|100%| E|CS|TAMS 0x000000008ae00000, 0x000000008ae00000| Complete 
| 175|0x000000008af00000, 0x000000008b000000, 0x000000008b000000|100%| E|CS|TAMS 0x000000008af00000, 0x000000008af00000| Complete 
| 176|0x000000008b000000, 0x000000008b100000, 0x000000008b100000|100%| E|CS|TAMS 0x000000008b000000, 0x000000008b000000| Complete 
| 177|0x000000008b100000, 0x000000008b200000, 0x000000008b200000|100%| E|CS|TAMS 0x000000008b100000, 0x000000008b100000| Complete 
| 178|0x000000008b200000, 0x000000008b300000, 0x000000008b300000|100%| E|CS|TAMS 0x000000008b200000, 0x000000008b200000| Complete 
| 179|0x000000008b300000, 0x000000008b400000, 0x000000008b400000|100%| E|CS|TAMS 0x000000008b300000, 0x000000008b300000| Complete 
| 180|0x000000008b400000, 0x000000008b500000, 0x000000008b500000|100%| E|CS|TAMS 0x000000008b400000, 0x000000008b400000| Complete 
| 181|0x000000008b500000, 0x000000008b600000, 0x000000008b600000|100%| E|CS|TAMS 0x000000008b500000, 0x000000008b500000| Complete 
| 182|0x000000008b600000, 0x000000008b700000, 0x000000008b700000|100%| E|CS|TAMS 0x000000008b600000, 0x000000008b600000| Complete 
| 183|0x000000008b700000, 0x000000008b800000, 0x000000008b800000|100%| E|CS|TAMS 0x000000008b700000, 0x000000008b700000| Complete 
| 184|0x000000008b800000, 0x000000008b900000, 0x000000008b900000|100%| E|CS|TAMS 0x000000008b800000, 0x000000008b800000| Complete 
| 185|0x000000008b900000, 0x000000008ba00000, 0x000000008ba00000|100%| E|CS|TAMS 0x000000008b900000, 0x000000008b900000| Complete 
| 186|0x000000008ba00000, 0x000000008bb00000, 0x000000008bb00000|100%| E|CS|TAMS 0x000000008ba00000, 0x000000008ba00000| Complete 
| 187|0x000000008bb00000, 0x000000008bc00000, 0x000000008bc00000|100%| E|CS|TAMS 0x000000008bb00000, 0x000000008bb00000| Complete 
| 188|0x000000008bc00000, 0x000000008bd00000, 0x000000008bd00000|100%| E|CS|TAMS 0x000000008bc00000, 0x000000008bc00000| Complete 
| 189|0x000000008bd00000, 0x000000008be00000, 0x000000008be00000|100%| E|CS|TAMS 0x000000008bd00000, 0x000000008bd00000| Complete 

Card table byte_map: [0x000002327d340000,0x000002327d740000] _byte_map_base: 0x000002327cf40000

Marking Bits (Prev, Next): (CMBitMap*) 0x000002326838ac70, (CMBitMap*) 0x000002326838ac38
 Prev Bits: [0x0000023200000000, 0x0000023202000000)
 Next Bits: [0x000002327db40000, 0x000002327fb40000)

Polling page: 0x0000023268430000

Metaspace:

Usage:
  Non-class:     66.86 MB capacity,    65.65 MB ( 98%) used,     1.01 MB (  2%) free+waste,   203.44 KB ( <1%) overhead. 
      Class:     10.51 MB capacity,     9.80 MB ( 93%) used,   634.32 KB (  6%) free+waste,    92.50 KB ( <1%) overhead. 
       Both:     77.37 MB capacity,    75.45 MB ( 98%) used,     1.63 MB (  2%) free+waste,   295.94 KB ( <1%) overhead. 

Virtual space:
  Non-class space:       68.00 MB reserved,      67.00 MB ( 99%) committed 
      Class space:        1.00 GB reserved,      10.63 MB (  1%) committed 
             Both:        1.07 GB reserved,      77.63 MB (  7%) committed 

Chunk freelists:
   Non-Class:  11.00 KB
       Class:  0 bytes
        Both:  11.00 KB

MaxMetaspaceSize: 17179869184.00 GB
CompressedClassSpaceSize: 1.00 GB

CodeHeap 'non-profiled nmethods': size=120000Kb used=5245Kb max_used=5245Kb free=114754Kb
 bounds [0x0000023274fa0000, 0x00000232754c0000, 0x000002327c4d0000]
CodeHeap 'profiled nmethods': size=120000Kb used=19077Kb max_used=19077Kb free=100922Kb
 bounds [0x000002326da70000, 0x000002326ed20000, 0x0000023274fa0000]
CodeHeap 'non-nmethods': size=5760Kb used=2245Kb max_used=2302Kb free=3514Kb
 bounds [0x000002326d4d0000, 0x000002326d740000, 0x000002326da70000]
 total_blobs=9651 nmethods=8817 adapters=745
 compilation: enabled
              stopped_count=0, restarted_count=0
 full_count=0

Compilation events (20 events):
Event: 22.911 Thread 0x000002320474c000 9066       3       org.gradle.api.internal.FilePropertyContainer::iterator (106 bytes)
Event: 22.912 Thread 0x000002320474c000 nmethod 9066 0x000002326ecfc310 code [0x000002326ecfc5e0, 0x000002326ecfd508]
Event: 22.912 Thread 0x000002320474c000 9067       1       org.gradle.api.internal.AbstractTask::getDestroyables (5 bytes)
Event: 22.912 Thread 0x000002320474c000 nmethod 9067 0x00000232754bac90 code [0x00000232754bae40, 0x00000232754baef8]
Event: 22.912 Thread 0x000002320474c000 9068       1       org.gradle.api.internal.AbstractTask::getLocalState (5 bytes)
Event: 22.912 Thread 0x000002320474c000 nmethod 9068 0x00000232754baf90 code [0x00000232754bb140, 0x00000232754bb1f8]
Event: 22.915 Thread 0x000002320474c000 9069   !   3       jdk.internal.reflect.GeneratedMethodAccessor25::invoke (66 bytes)
Event: 22.915 Thread 0x000002320474c000 nmethod 9069 0x000002326ecfd990 code [0x000002326ecfdbe0, 0x000002326ecfe2f8]
Event: 22.947 Thread 0x000002320474c000 9070       3       org.gradle.api.internal.provider.ValueSanitizers$1::sanitize (14 bytes)
Event: 22.947 Thread 0x000002320474c000 nmethod 9070 0x000002326ecfe690 code [0x000002326ecfe860, 0x000002326ecfeb68]
Event: 22.947 Thread 0x000002320474c000 9071       3       org.gradle.api.internal.provider.AbstractProperty$NonFinalizedValue::forUpstream (13 bytes)
Event: 22.947 Thread 0x000002320474c000 nmethod 9071 0x000002326ecfec10 code [0x000002326ecfedc0, 0x000002326ecfef18]
Event: 22.955 Thread 0x0000023204fb9800 nmethod 8941 0x00000232754bb290 code [0x00000232754bb560, 0x00000232754bcbd0]
Event: 22.955 Thread 0x0000023204fb9800 8976       4       jdk.internal.misc.Unsafe::copyMemory (33 bytes)
Event: 22.958 Thread 0x0000023204fb9800 nmethod 8976 0x00000232754be110 code [0x00000232754be2a0, 0x00000232754be538]
Event: 22.958 Thread 0x0000023204fb9800 8981       4       com.google.common.collect.ImmutableCollection$ArrayBasedBuilder::<init> (25 bytes)
Event: 22.961 Thread 0x0000023204fb9800 nmethod 8981 0x00000232754be810 code [0x00000232754be9a0, 0x00000232754bebb8]
Event: 22.961 Thread 0x0000023204fb9800 8932       4       java.io.Bits::putInt (36 bytes)
Event: 22.962 Thread 0x0000023204fb9800 nmethod 8932 0x00000232754bec90 code [0x00000232754bee20, 0x00000232754beef8]
Event: 22.962 Thread 0x0000023204fb9800 8915   !   4       org.gradle.internal.event.DefaultListenerManager$EventBroadcast$ListenerDispatch::dispatch (55 bytes)

GC Heap History (20 events):
Event: 3.515 GC heap before
{Heap before GC invocations=1 (full 0):
 garbage-first heap   total 194560K, used 93534K [0x0000000080000000, 0x0000000100000000)
  region size 1024K, 87 young (89088K), 3 survivors (3072K)
 Metaspace       used 20626K, capacity 21109K, committed 21248K, reserved 1067008K
  class space    used 2531K, capacity 2710K, committed 2816K, reserved 1048576K
}
Event: 3.524 GC heap after
{Heap after GC invocations=2 (full 0):
 garbage-first heap   total 194560K, used 16147K [0x0000000080000000, 0x0000000100000000)
  region size 1024K, 11 young (11264K), 11 survivors (11264K)
 Metaspace       used 20626K, capacity 21109K, committed 21248K, reserved 1067008K
  class space    used 2531K, capacity 2710K, committed 2816K, reserved 1048576K
}
Event: 4.206 GC heap before
{Heap before GC invocations=3 (full 0):
 garbage-first heap   total 194560K, used 71443K [0x0000000080000000, 0x0000000100000000)
  region size 1024K, 65 young (66560K), 11 survivors (11264K)
 Metaspace       used 26718K, capacity 27341K, committed 27648K, reserved 1073152K
  class space    used 3512K, capacity 3750K, committed 3840K, reserved 1048576K
}
Event: 4.214 GC heap after
{Heap after GC invocations=4 (full 0):
 garbage-first heap   total 194560K, used 18444K [0x0000000080000000, 0x0000000100000000)
  region size 1024K, 3 young (3072K), 3 survivors (3072K)
 Metaspace       used 26718K, capacity 27341K, committed 27648K, reserved 1073152K
  class space    used 3512K, capacity 3750K, committed 3840K, reserved 1048576K
}
Event: 5.311 GC heap before
{Heap before GC invocations=4 (full 0):
 garbage-first heap   total 194560K, used 60428K [0x0000000080000000, 0x0000000100000000)
  region size 1024K, 46 young (47104K), 3 survivors (3072K)
 Metaspace       used 35083K, capacity 35741K, committed 35840K, reserved 1081344K
  class space    used 4564K, capacity 4824K, committed 4864K, reserved 1048576K
}
Event: 5.322 GC heap after
{Heap after GC invocations=5 (full 0):
 garbage-first heap   total 194560K, used 21384K [0x0000000080000000, 0x0000000100000000)
  region size 1024K, 6 young (6144K), 6 survivors (6144K)
 Metaspace       used 35083K, capacity 35741K, committed 35840K, reserved 1081344K
  class space    used 4564K, capacity 4824K, committed 4864K, reserved 1048576K
}
Event: 7.537 GC heap before
{Heap before GC invocations=6 (full 0):
 garbage-first heap   total 194560K, used 118664K [0x0000000080000000, 0x0000000100000000)
  region size 1024K, 98 young (100352K), 6 survivors (6144K)
 Metaspace       used 43839K, capacity 44773K, committed 44928K, reserved 1087488K
  class space    used 5625K, capacity 5957K, committed 6016K, reserved 1048576K
}
Event: 7.547 GC heap after
{Heap after GC invocations=7 (full 0):
 garbage-first heap   total 194560K, used 26078K [0x0000000080000000, 0x0000000100000000)
  region size 1024K, 10 young (10240K), 10 survivors (10240K)
 Metaspace       used 43839K, capacity 44773K, committed 44928K, reserved 1087488K
  class space    used 5625K, capacity 5957K, committed 6016K, reserved 1048576K
}
Event: 9.107 GC heap before
{Heap before GC invocations=7 (full 0):
 garbage-first heap   total 194560K, used 134622K [0x0000000080000000, 0x0000000100000000)
  region size 1024K, 114 young (116736K), 10 survivors (10240K)
 Metaspace       used 52359K, capacity 53690K, committed 53760K, reserved 1095680K
  class space    used 6661K, capacity 7144K, committed 7168K, reserved 1048576K
}
Event: 9.122 GC heap after
{Heap after GC invocations=8 (full 0):
 garbage-first heap   total 194560K, used 39007K [0x0000000080000000, 0x0000000100000000)
  region size 1024K, 15 young (15360K), 15 survivors (15360K)
 Metaspace       used 52359K, capacity 53690K, committed 53760K, reserved 1095680K
  class space    used 6661K, capacity 7144K, committed 7168K, reserved 1048576K
}
Event: 10.543 GC heap before
{Heap before GC invocations=8 (full 0):
 garbage-first heap   total 194560K, used 91231K [0x0000000080000000, 0x0000000100000000)
  region size 1024K, 67 young (68608K), 15 survivors (15360K)
 Metaspace       used 58591K, capacity 59989K, committed 60160K, reserved 1101824K
  class space    used 7423K, capacity 7949K, committed 8064K, reserved 1048576K
}
Event: 10.584 GC heap after
{Heap after GC invocations=9 (full 0):
 garbage-first heap   total 194560K, used 44644K [0x0000000080000000, 0x0000000100000000)
  region size 1024K, 6 young (6144K), 6 survivors (6144K)
 Metaspace       used 58591K, capacity 59989K, committed 60160K, reserved 1101824K
  class space    used 7423K, capacity 7949K, committed 8064K, reserved 1048576K
}
Event: 12.315 GC heap before
{Heap before GC invocations=10 (full 0):
 garbage-first heap   total 194560K, used 124516K [0x0000000080000000, 0x0000000100000000)
  region size 1024K, 84 young (86016K), 6 survivors (6144K)
 Metaspace       used 64592K, capacity 66144K, committed 66432K, reserved 1105920K
  class space    used 8396K, capacity 8988K, committed 9088K, reserved 1048576K
}
Event: 12.323 GC heap after
{Heap after GC invocations=11 (full 0):
 garbage-first heap   total 194560K, used 48834K [0x0000000080000000, 0x0000000100000000)
  region size 1024K, 10 young (10240K), 10 survivors (10240K)
 Metaspace       used 64592K, capacity 66144K, committed 66432K, reserved 1105920K
  class space    used 8396K, capacity 8988K, committed 9088K, reserved 1048576K
}
Event: 14.059 GC heap before
{Heap before GC invocations=11 (full 0):
 garbage-first heap   total 194560K, used 130754K [0x0000000080000000, 0x0000000100000000)
  region size 1024K, 90 young (92160K), 10 survivors (10240K)
 Metaspace       used 71217K, capacity 72939K, committed 72960K, reserved 1112064K
  class space    used 9365K, capacity 9975K, committed 9984K, reserved 1048576K
}
Event: 14.070 GC heap after
{Heap after GC invocations=12 (full 0):
 garbage-first heap   total 194560K, used 55059K [0x0000000080000000, 0x0000000100000000)
  region size 1024K, 12 young (12288K), 12 survivors (12288K)
 Metaspace       used 71217K, capacity 72939K, committed 72960K, reserved 1112064K
  class space    used 9365K, capacity 9975K, committed 9984K, reserved 1048576K
}
Event: 16.213 GC heap before
{Heap before GC invocations=12 (full 0):
 garbage-first heap   total 194560K, used 135955K [0x0000000080000000, 0x0000000100000000)
  region size 1024K, 92 young (94208K), 12 survivors (12288K)
 Metaspace       used 76069K, capacity 78106K, committed 78336K, reserved 1116160K
  class space    used 9958K, capacity 10682K, committed 10752K, reserved 1048576K
}
Event: 16.230 GC heap after
{Heap after GC invocations=13 (full 0):
 garbage-first heap   total 194560K, used 61351K [0x0000000080000000, 0x0000000100000000)
  region size 1024K, 12 young (12288K), 12 survivors (12288K)
 Metaspace       used 76069K, capacity 78106K, committed 78336K, reserved 1116160K
  class space    used 9958K, capacity 10682K, committed 10752K, reserved 1048576K
}
Event: 22.464 GC heap before
{Heap before GC invocations=13 (full 0):
 garbage-first heap   total 194560K, used 141223K [0x0000000080000000, 0x0000000100000000)
  region size 1024K, 91 young (93184K), 12 survivors (12288K)
 Metaspace       used 76871K, capacity 78879K, committed 79104K, reserved 1118208K
  class space    used 9999K, capacity 10742K, committed 10752K, reserved 1048576K
}
Event: 22.476 GC heap after
{Heap after GC invocations=14 (full 0):
 garbage-first heap   total 194560K, used 66637K [0x0000000080000000, 0x0000000100000000)
  region size 1024K, 6 young (6144K), 6 survivors (6144K)
 Metaspace       used 76871K, capacity 78879K, committed 79104K, reserved 1118208K
  class space    used 9999K, capacity 10742K, committed 10752K, reserved 1048576K
}

Deoptimization events (20 events):
Event: 22.044 Thread 0x000002320fee0800 DEOPT PACKING pc=0x000002326e7bee0e sp=0x000000519cafd190
Event: 22.044 Thread 0x000002320fee0800 DEOPT UNPACKING pc=0x000002326d4f72ce sp=0x000000519cafc6d8 mode 0
Event: 22.249 Thread 0x0000023207cde800 Uncommon trap: trap_request=0xffffff4d fr.pc=0x00000232754567ac relative=0x000000000000036c
Event: 22.249 Thread 0x0000023207cde800 Uncommon trap: reason=unstable_if action=reinterpret pc=0x00000232754567ac method=java.util.concurrent.ConcurrentLinkedQueue.offer(Ljava/lang/Object;)Z @ 42 c2
Event: 22.249 Thread 0x0000023207cde800 DEOPT PACKING pc=0x00000232754567ac sp=0x0000005195efb860
Event: 22.249 Thread 0x0000023207cde800 DEOPT UNPACKING pc=0x000002326d4f74af sp=0x0000005195efb800 mode 2
Event: 22.275 Thread 0x000002320fee0800 DEOPT PACKING pc=0x000002326e06f471 sp=0x000000519cafa690
Event: 22.275 Thread 0x000002320fee0800 DEOPT UNPACKING pc=0x000002326d4f72ce sp=0x000000519caf9b88 mode 0
Event: 22.451 Thread 0x000002320fee0800 Uncommon trap: trap_request=0xffffff4d fr.pc=0x0000023274ff4614 relative=0x00000000000004b4
Event: 22.451 Thread 0x000002320fee0800 Uncommon trap: reason=unstable_if action=reinterpret pc=0x0000023274ff4614 method=java.lang.String.regionMatches(ZILjava/lang/String;II)Z @ 1 c2
Event: 22.451 Thread 0x000002320fee0800 DEOPT PACKING pc=0x0000023274ff4614 sp=0x000000519cafc480
Event: 22.451 Thread 0x000002320fee0800 DEOPT UNPACKING pc=0x000002326d4f74af sp=0x000000519cafc430 mode 2
Event: 22.585 Thread 0x0000023207cd7000 Uncommon trap: trap_request=0xfffffff4 fr.pc=0x00000232754a6f38 relative=0x00000000000008d8
Event: 22.585 Thread 0x0000023207cd7000 Uncommon trap: reason=null_check action=make_not_entrant pc=0x00000232754a6f38 method=org.gradle.tooling.internal.provider.runner.SubtreeFilteringBuildOperationListener.started(Lorg/gradle/internal/operations/BuildOperationDescriptor;Lorg/gradle/internal/
Event: 22.585 Thread 0x0000023207cd7000 DEOPT PACKING pc=0x00000232754a6f38 sp=0x00000051957feb20
Event: 22.585 Thread 0x0000023207cd7000 DEOPT UNPACKING pc=0x000002326d4f74af sp=0x00000051957feab0 mode 2
Event: 22.595 Thread 0x0000023207cd2000 Uncommon trap: trap_request=0xfffffff4 fr.pc=0x00000232754a8100 relative=0x00000000000004c0
Event: 22.595 Thread 0x0000023207cd2000 Uncommon trap: reason=null_check action=make_not_entrant pc=0x00000232754a8100 method=org.gradle.tooling.internal.provider.runner.SubtreeFilteringBuildOperationListener.finished(Lorg/gradle/internal/operations/BuildOperationDescriptor;Lorg/gradle/internal
Event: 22.595 Thread 0x0000023207cd2000 DEOPT PACKING pc=0x00000232754a8100 sp=0x0000005195bfd0d0
Event: 22.595 Thread 0x0000023207cd2000 DEOPT UNPACKING pc=0x000002326d4f74af sp=0x0000005195bfd068 mode 2

Classes redefined (0 events):
No events

Internal exceptions (20 events):
Event: 15.787 Thread 0x0000023207cda800 Exception <a 'java/lang/NoSuchMethodError'{0x0000000088f39420}: 'java.lang.Object java.lang.invoke.DirectMethodHandle$Holder.invokeSpecialIFC(java.lang.Object, java.lang.Object, java.lang.Object)'> (0x0000000088f39420) thrown at [./src/hotspot/share/interpreter/linkResolver.cpp, line 773]
Event: 15.787 Thread 0x0000023207cd4000 Exception <a 'java/lang/NoSuchMethodError'{0x0000000088f5dbf8}: 'java.lang.Object java.lang.invoke.DirectMethodHandle$Holder.invokeSpecialIFC(java.lang.Object, java.lang.Object, java.lang.Object)'> (0x0000000088f5dbf8) thrown at [./src/hotspot/share/interpreter/linkResolver.cpp, line 773]
Event: 15.787 Thread 0x0000023207cde800 Exception <a 'java/lang/NoSuchMethodError'{0x0000000088e04b60}: 'java.lang.Object java.lang.invoke.DirectMethodHandle$Holder.invokeSpecialIFC(java.lang.Object, java.lang.Object, java.lang.Object)'> (0x0000000088e04b60) thrown at [./src/hotspot/share/interpreter/linkResolver.cpp, line 773]
Event: 19.486 Thread 0x0000023206723800 Exception <a 'java/lang/NoSuchMethodError'{0x000000008aefdf58}: 'int java.lang.invoke.DirectMethodHandle$Holder.invokeVirtual(java.lang.Object, java.lang.Object)'> (0x000000008aefdf58) thrown at [./src/hotspot/share/interpreter/linkResolver.cpp, line 773]
Event: 22.036 Thread 0x000002320fee0800 Exception <a 'java/lang/NoSuchMethodError'{0x0000000089a16b48}: <clinit>> (0x0000000089a16b48) thrown at [./src/hotspot/share/prims/jni.cpp, line 1362]
Event: 22.121 Thread 0x000002320fee0800 Exception <a 'java/lang/NoSuchMethodError'{0x00000000890fe9c8}: <clinit>> (0x00000000890fe9c8) thrown at [./src/hotspot/share/prims/jni.cpp, line 1362]
Event: 22.121 Thread 0x000002320fee0800 Exception <a 'java/lang/NoSuchMethodError'{0x00000000890ffce8}: <clinit>> (0x00000000890ffce8) thrown at [./src/hotspot/share/prims/jni.cpp, line 1362]
Event: 22.121 Thread 0x000002320fee0800 Exception <a 'java/lang/NoSuchMethodError'{0x0000000088f026c8}: <clinit>> (0x0000000088f026c8) thrown at [./src/hotspot/share/prims/jni.cpp, line 1362]
Event: 22.123 Thread 0x000002320fee0800 Exception <a 'java/lang/NoSuchMethodError'{0x0000000088f1a098}: <clinit>> (0x0000000088f1a098) thrown at [./src/hotspot/share/prims/jni.cpp, line 1362]
Event: 22.123 Thread 0x000002320fee0800 Exception <a 'java/lang/NoSuchMethodError'{0x0000000088f1b2d0}: <clinit>> (0x0000000088f1b2d0) thrown at [./src/hotspot/share/prims/jni.cpp, line 1362]
Event: 22.585 Thread 0x0000023207cd7000 Implicit null exception at 0x00000232754a6751 to 0x00000232754a6f10
Event: 22.595 Thread 0x0000023207cd2000 Implicit null exception at 0x00000232754a7cd2 to 0x00000232754a80d8
Event: 22.746 Thread 0x000002320fee0800 Exception <a 'sun/nio/fs/WindowsException'{0x000000008ada8668}> (0x000000008ada8668) thrown at [./src/hotspot/share/prims/jni.cpp, line 615]
Event: 22.747 Thread 0x000002320fee0800 Exception <a 'sun/nio/fs/WindowsException'{0x000000008ada9a10}> (0x000000008ada9a10) thrown at [./src/hotspot/share/prims/jni.cpp, line 615]
Event: 22.748 Thread 0x000002320fee0800 Exception <a 'java/lang/NoSuchMethodError'{0x000000008adac320}: 'int java.lang.invoke.DirectMethodHandle$Holder.invokeSpecial(java.lang.Object, java.lang.Object, java.lang.Object, java.lang.Object, java.lang.Object)'> (0x000000008adac320) thrown at [./src/hotspot/share/interpreter/linkResolver.cpp, line 773]
Event: 22.752 Thread 0x000002320fee0800 Exception <a 'sun/nio/fs/WindowsException'{0x000000008adf0768}> (0x000000008adf0768) thrown at [./src/hotspot/share/prims/jni.cpp, line 615]
Event: 22.752 Thread 0x000002320fee0800 Exception <a 'sun/nio/fs/WindowsException'{0x000000008adf1690}> (0x000000008adf1690) thrown at [./src/hotspot/share/prims/jni.cpp, line 615]
Event: 22.753 Thread 0x000002320fee0800 Exception <a 'sun/nio/fs/WindowsException'{0x000000008adf3b60}> (0x000000008adf3b60) thrown at [./src/hotspot/share/prims/jni.cpp, line 615]
Event: 22.753 Thread 0x000002320fee0800 Exception <a 'sun/nio/fs/WindowsException'{0x000000008adf4a98}> (0x000000008adf4a98) thrown at [./src/hotspot/share/prims/jni.cpp, line 615]
Event: 22.754 Thread 0x000002320fee0800 Exception <a 'java/lang/NoSuchMethodError'{0x000000008ac00588}: 'void java.lang.invoke.DirectMethodHandle$Holder.invokeStatic(java.lang.Object, java.lang.Object, java.lang.Object, java.lang.Object, int, java.lang.Object)'> (0x000000008ac00588) thrown at [./src/hotspot/share/interpreter/linkResolver.cpp, line 773]

Events (20 events):
Event: 22.768 loading class com/google/common/collect/ForwardingSet
Event: 22.768 loading class com/google/common/collect/ForwardingSet done
Event: 22.769 loading class com/google/common/collect/ForwardingCollection
Event: 22.769 loading class com/google/common/collect/ForwardingCollection done
Event: 22.769 loading class com/google/common/collect/ForwardingObject
Event: 22.769 loading class com/google/common/collect/ForwardingObject done
Event: 22.770 loading class com/google/common/collect/Maps$FilteredEntryMap$EntrySet$1
Event: 22.770 loading class com/google/common/collect/Maps$FilteredEntryMap$EntrySet$1 done
Event: 22.771 loading class com/google/common/collect/Maps$FilteredEntryMap$EntrySet$1$1
Event: 22.771 loading class com/google/common/collect/Maps$FilteredEntryMap$EntrySet$1$1 done
Event: 22.771 loading class com/google/common/collect/ForwardingMapEntry
Event: 22.771 loading class com/google/common/collect/ForwardingMapEntry done
Event: 22.772 loading class org/gradle/internal/execution/history/changes/DefaultIncrementalInputProperties
Event: 22.772 loading class org/gradle/internal/execution/history/changes/DefaultIncrementalInputProperties done
Event: 22.773 loading class org/gradle/internal/execution/history/changes/DefaultIncrementalInputProperties
Event: 22.773 loading class org/gradle/internal/execution/history/changes/DefaultIncrementalInputProperties done
Event: 22.785 loading class org/gradle/internal/snapshot/UnknownSnapshot
Event: 22.785 loading class org/gradle/internal/snapshot/UnknownSnapshot done
Event: 22.786 Executing VM operation: Deoptimize
Event: 22.787 Executing VM operation: Deoptimize done


Dynamic libraries:
0x00007ff609450000 - 0x00007ff60945a000 	C:\Program Files\Android\Android Studio\jre\bin\java.exe
0x00007ffb9df90000 - 0x00007ffb9e185000 	C:\WINDOWS\SYSTEM32\ntdll.dll
0x00007ffb9dc80000 - 0x00007ffb9dd3d000 	C:\WINDOWS\System32\KERNEL32.DLL
0x00007ffb9bca0000 - 0x00007ffb9bf68000 	C:\WINDOWS\System32\KERNELBASE.dll
0x00007ffb9baf0000 - 0x00007ffb9bbf0000 	C:\WINDOWS\System32\ucrtbase.dll
0x00007ffb887c0000 - 0x00007ffb887d7000 	C:\Program Files\Android\Android Studio\jre\bin\VCRUNTIME140.dll
0x00007ffb947c0000 - 0x00007ffb947d9000 	C:\Program Files\Android\Android Studio\jre\bin\jli.dll
0x00007ffb9d7b0000 - 0x00007ffb9d950000 	C:\WINDOWS\System32\USER32.dll
0x00007ffb9b6d0000 - 0x00007ffb9b6f2000 	C:\WINDOWS\System32\win32u.dll
0x00007ffb9c000000 - 0x00007ffb9c02a000 	C:\WINDOWS\System32\GDI32.dll
0x00007ffb84f80000 - 0x00007ffb8521a000 	C:\WINDOWS\WinSxS\amd64_microsoft.windows.common-controls_6595b64144ccf1df_6.0.19041.1052_none_60b8f8fd71f5e8cb\COMCTL32.dll
0x00007ffb9c0c0000 - 0x00007ffb9c15e000 	C:\WINDOWS\System32\msvcrt.dll
0x00007ffb9b9e0000 - 0x00007ffb9baeb000 	C:\WINDOWS\System32\gdi32full.dll
0x00007ffb9b7e0000 - 0x00007ffb9b87d000 	C:\WINDOWS\System32\msvcp_win.dll
0x00007ffb9c8a0000 - 0x00007ffb9c8d0000 	C:\WINDOWS\System32\IMM32.DLL
0x00007ffb6ecb0000 - 0x00007ffb6ed4d000 	C:\Program Files\Android\Android Studio\jre\bin\msvcp140.dll
0x00007ffb5e800000 - 0x00007ffb5f2bc000 	C:\Program Files\Android\Android Studio\jre\bin\server\jvm.dll
0x00007ffb9d700000 - 0x00007ffb9d7ac000 	C:\WINDOWS\System32\ADVAPI32.dll
0x00007ffb9cac0000 - 0x00007ffb9cb5b000 	C:\WINDOWS\System32\sechost.dll
0x00007ffb9da30000 - 0x00007ffb9db5b000 	C:\WINDOWS\System32\RPCRT4.dll
0x00007ffb9cea0000 - 0x00007ffb9cea8000 	C:\WINDOWS\System32\PSAPI.DLL
0x00007ffb841e0000 - 0x00007ffb841e9000 	C:\WINDOWS\SYSTEM32\WSOCK32.dll
0x00007ffb89f60000 - 0x00007ffb89f87000 	C:\WINDOWS\SYSTEM32\WINMM.dll
0x00007ffb94bb0000 - 0x00007ffb94bba000 	C:\WINDOWS\SYSTEM32\VERSION.dll
0x00007ffb9cd20000 - 0x00007ffb9cd8b000 	C:\WINDOWS\System32\WS2_32.dll
0x00007ffb99fa0000 - 0x00007ffb99fb2000 	C:\WINDOWS\SYSTEM32\kernel.appcore.dll
0x00007ffb90a10000 - 0x00007ffb90a21000 	C:\Program Files\Android\Android Studio\jre\bin\verify.dll
0x00007ffb99510000 - 0x00007ffb996f4000 	C:\WINDOWS\SYSTEM32\DBGHELP.DLL
0x00007ffb84190000 - 0x00007ffb841bc000 	C:\WINDOWS\SYSTEM32\dbgcore.DLL
0x00007ffb9bf70000 - 0x00007ffb9bff3000 	C:\WINDOWS\System32\bcryptPrimitives.dll
0x00007ffb8df00000 - 0x00007ffb8df29000 	C:\Program Files\Android\Android Studio\jre\bin\java.dll
0x00007ffb95b50000 - 0x00007ffb95b5b000 	C:\Program Files\Android\Android Studio\jre\bin\jimage.dll
0x00007ffb909f0000 - 0x00007ffb90a08000 	C:\Program Files\Android\Android Studio\jre\bin\zip.dll
0x00007ffb9c160000 - 0x00007ffb9c89f000 	C:\WINDOWS\System32\SHELL32.dll
0x00007ffb99800000 - 0x00007ffb99f90000 	C:\WINDOWS\SYSTEM32\windows.storage.dll
0x00007ffb9ceb0000 - 0x00007ffb9d205000 	C:\WINDOWS\System32\combase.dll
0x00007ffb9b140000 - 0x00007ffb9b16c000 	C:\WINDOWS\SYSTEM32\Wldp.dll
0x00007ffb9dd40000 - 0x00007ffb9ddee000 	C:\WINDOWS\System32\SHCORE.dll
0x00007ffb9c8d0000 - 0x00007ffb9c925000 	C:\WINDOWS\System32\shlwapi.dll
0x00007ffb9b610000 - 0x00007ffb9b62f000 	C:\WINDOWS\SYSTEM32\profapi.dll
0x00007ffb90930000 - 0x00007ffb9094a000 	C:\Program Files\Android\Android Studio\jre\bin\net.dll
0x00007ffb8a260000 - 0x00007ffb8a36b000 	C:\WINDOWS\SYSTEM32\WINHTTP.dll
0x00007ffb9aeb0000 - 0x00007ffb9af1a000 	C:\WINDOWS\system32\mswsock.dll
0x00007ffb8e980000 - 0x00007ffb8e994000 	C:\Program Files\Android\Android Studio\jre\bin\nio.dll
0x00007ffb83840000 - 0x00007ffb83867000 	C:\Users\DuyPhu\.gradle\native\fdc75f09e3144964f2cf3f50f0aa648679c211496f362492102eb8c894070792\windows-amd64\native-platform.dll
0x00007ffb68f00000 - 0x00007ffb69096000 	C:\Users\DuyPhu\.gradle\native\12488b8bf47d2d4c9fbf2f6322a914ad602e24e48041cd04a747c6da556b65c4\windows-amd64\native-platform-file-events.dll
0x00007ffb93e50000 - 0x00007ffb93e5a000 	C:\Program Files\Android\Android Studio\jre\bin\management.dll
0x00007ffb939a0000 - 0x00007ffb939ac000 	C:\Program Files\Android\Android Studio\jre\bin\management_ext.dll
0x00007ffb9b080000 - 0x00007ffb9b098000 	C:\WINDOWS\SYSTEM32\CRYPTSP.dll
0x00007ffb9a7e0000 - 0x00007ffb9a814000 	C:\WINDOWS\system32\rsaenh.dll
0x00007ffb9b7b0000 - 0x00007ffb9b7d7000 	C:\WINDOWS\System32\bcrypt.dll
0x00007ffb9b590000 - 0x00007ffb9b5be000 	C:\WINDOWS\SYSTEM32\USERENV.dll
0x00007ffb9b0a0000 - 0x00007ffb9b0ac000 	C:\WINDOWS\SYSTEM32\CRYPTBASE.dll
0x00007ffb9ab50000 - 0x00007ffb9ab8b000 	C:\WINDOWS\SYSTEM32\IPHLPAPI.DLL
0x00007ffb9ddf0000 - 0x00007ffb9ddf8000 	C:\WINDOWS\System32\NSI.dll
0x00007ffb93cd0000 - 0x00007ffb93ce7000 	C:\WINDOWS\SYSTEM32\dhcpcsvc6.DLL
0x00007ffb93cb0000 - 0x00007ffb93ccd000 	C:\WINDOWS\SYSTEM32\dhcpcsvc.DLL
0x00007ffb9aba0000 - 0x00007ffb9ac6c000 	C:\WINDOWS\SYSTEM32\DNSAPI.dll
0x00007ffb93ad0000 - 0x00007ffb93adb000 	C:\WINDOWS\SYSTEM32\WINNSI.DLL

dbghelp: loaded successfully - version: 4.0.5 - missing functions: none
symbol engine: initialized successfully - sym options: 0x614 - pdb path: .;C:\Program Files\Android\Android Studio\jre\bin;C:\WINDOWS\SYSTEM32;C:\WINDOWS\WinSxS\amd64_microsoft.windows.common-controls_6595b64144ccf1df_6.0.19041.1052_none_60b8f8fd71f5e8cb;C:\Program Files\Android\Android Studio\jre\bin\server;C:\Users\DuyPhu\.gradle\native\fdc75f09e3144964f2cf3f50f0aa648679c211496f362492102eb8c894070792\windows-amd64;C:\Users\DuyPhu\.gradle\native\12488b8bf47d2d4c9fbf2f6322a914ad602e24e48041cd04a747c6da556b65c4\windows-amd64

VM Arguments:
jvm_args: --add-opens=java.base/java.util=ALL-UNNAMED --add-opens=java.base/java.lang=ALL-UNNAMED --add-opens=java.base/java.lang.invoke=ALL-UNNAMED --add-opens=java.prefs/java.util.prefs=ALL-UNNAMED -Xmx2048m -Dfile.encoding=UTF-8 -Duser.country=US -Duser.language=en -Duser.variant 
java_command: org.gradle.launcher.daemon.bootstrap.GradleDaemon 6.7.1
java_class_path (initial): C:\Users\DuyPhu\.gradle\wrapper\dists\gradle-6.7.1-all\2moa8rlfac5eqlcfgk98k0deb\gradle-6.7.1\lib\gradle-launcher-6.7.1.jar
Launcher Type: SUN_STANDARD

[Global flags]
     intx CICompilerCount                          = 4                                         {product} {ergonomic}
     uint ConcGCThreads                            = 2                                         {product} {ergonomic}
     uint G1ConcRefinementThreads                  = 8                                         {product} {ergonomic}
   size_t G1HeapRegionSize                         = 1048576                                   {product} {ergonomic}
    uintx GCDrainStackTargetSize                   = 64                                        {product} {ergonomic}
   size_t InitialHeapSize                          = 199229440                                 {product} {ergonomic}
   size_t MarkStackSize                            = 4194304                                   {product} {ergonomic}
   size_t MaxHeapSize                              = 2147483648                                {product} {command line}
   size_t MaxNewSize                               = 1287651328                                {product} {ergonomic}
   size_t MinHeapDeltaBytes                        = 1048576                                   {product} {ergonomic}
    uintx NonNMethodCodeHeapSize                   = 5836300                                {pd product} {ergonomic}
    uintx NonProfiledCodeHeapSize                  = 122910970                              {pd product} {ergonomic}
    uintx ProfiledCodeHeapSize                     = 122910970                              {pd product} {ergonomic}
    uintx ReservedCodeCacheSize                    = 251658240                              {pd product} {ergonomic}
     bool SegmentedCodeCache                       = true                                      {product} {ergonomic}
     bool UseCompressedClassPointers               = true                                 {lp64_product} {ergonomic}
     bool UseCompressedOops                        = true                                 {lp64_product} {ergonomic}
     bool UseG1GC                                  = true                                      {product} {ergonomic}
     bool UseLargePagesIndividualAllocation        = false                                  {pd product} {ergonomic}

Logging:
Log output configuration:
 #0: stdout all=warning uptime,level,tags
 #1: stderr all=off uptime,level,tags

Environment Variables:
PATH=E:\HK2nam3\tmdt\VMware\bin\;C:\Program Files\Common Files\Oracle\Java\javapath;C:\WINDOWS\system32;C:\WINDOWS;C:\WINDOWS\System32\Wbem;C:\WINDOWS\System32\WindowsPowerShell\v1.0\;C:\WINDOWS\System32\OpenSSH\;C:\Program Files\nodejs\;C:\Program Files\Git\cmd;C:\Program Files\TortoiseGit\bin;C:\Users\DuyPhu\AppData\Local\Microsoft\WindowsApps;C:\Users\DuyPhu\AppData\Local\Programs\Microsoft VS Code\bin;C:\Users\DuyPhu\AppData\Roaming\npm;D:\heroku\bin
USERNAME=PV
OS=Windows_NT
PROCESSOR_IDENTIFIER=Intel64 Family 6 Model 158 Stepping 9, GenuineIntel



---------------  S Y S T E M  ---------------

OS: Windows 10 , 64 bit Build 19041 (10.0.19041.1023)
OS uptime: 11 days 9:39 hours

CPU:total 8 (initial active 8) (4 cores per cpu, 2 threads per core) family 6 model 158 stepping 9, cmov, cx8, fxsr, mmx, sse, sse2, sse3, ssse3, sse4.1, sse4.2, popcnt, avx, avx2, aes, clmul, erms, 3dnowpref, lzcnt, ht, tsc, tscinvbit, bmi1, bmi2, adx, fma

Memory: 4k page, system-wide physical 12154M (299M free)
TotalPageFile size 27326M (AvailPageFile size 0M)
current process WorkingSet (physical memory assigned to process): 404M, peak: 427M
current process commit charge ("private bytes"): 447M, peak: 486M

vm_info: OpenJDK 64-Bit Server VM (11.0.8+10-b944.6842174) for windows-amd64 JRE (11.0.8+10-b944.6842174), built on Sep 19 2020 01:11:42 by "builder" with MS VC++ 14.0 (VS2015)

END.
